The system is: Linux - 2.6.37.6-0.11-desktop - i686
Compiling the C compiler identification source file "CMakeCCompilerId.c" succeeded.
Compiler: /usr/bin/gcc 
Build flags: 
Id flags: 

The output was:
0


Compilation of the C compiler identification source "CMakeCCompilerId.c" produced "a.out"

The C compiler identification is GNU, found in "/home/karel/ros/ar_drone2/CMakeFiles/CompilerIdC/a.out"

Compiling the CXX compiler identification source file "CMakeCXXCompilerId.cpp" succeeded.
Compiler: /usr/bin/c++ 
Build flags: 
Id flags: 

The output was:
0
CMakeCXXCompilerId.cpp:79:58: warning: deprecated conversion from string constant to ‘char*’
CMakeCXXCompilerId.cpp:192:58: warning: deprecated conversion from string constant to ‘char*’
CMakeCXXCompilerId.cpp:193:54: warning: deprecated conversion from string constant to ‘char*’


Compilation of the CXX compiler identification source "CMakeCXXCompilerId.cpp" produced "a.out"

The CXX compiler identification is GNU, found in "/home/karel/ros/ar_drone2/CMakeFiles/CompilerIdCXX/a.out"

Determining if the C compiler works passed with the following output:
Change Dir: /home/karel/ros/ar_drone2/CMakeFiles/CMakeTmp

Run Build Command:/usr/bin/gmake "cmTryCompileExec/fast"
/usr/bin/gmake -f CMakeFiles/cmTryCompileExec.dir/build.make CMakeFiles/cmTryCompileExec.dir/build
gmake[1]: Entering directory `/home/karel/ros/ar_drone2/CMakeFiles/CMakeTmp'
/usr/bin/cmake -E cmake_progress_report /home/karel/ros/ar_drone2/CMakeFiles/CMakeTmp/CMakeFiles 1
Building C object CMakeFiles/cmTryCompileExec.dir/testCCompiler.c.o
/usr/bin/gcc    -o CMakeFiles/cmTryCompileExec.dir/testCCompiler.c.o   -c /home/karel/ros/ar_drone2/CMakeFiles/CMakeTmp/testCCompiler.c
Linking C executable cmTryCompileExec
/usr/bin/cmake -E cmake_link_script CMakeFiles/cmTryCompileExec.dir/link.txt --verbose=1
/usr/bin/gcc        CMakeFiles/cmTryCompileExec.dir/testCCompiler.c.o  -o cmTryCompileExec -rdynamic 
gmake[1]: Leaving directory `/home/karel/ros/ar_drone2/CMakeFiles/CMakeTmp'


Detecting C compiler ABI info compiled with the following output:
Change Dir: /home/karel/ros/ar_drone2/CMakeFiles/CMakeTmp

Run Build Command:/usr/bin/gmake "cmTryCompileExec/fast"
/usr/bin/gmake -f CMakeFiles/cmTryCompileExec.dir/build.make CMakeFiles/cmTryCompileExec.dir/build
gmake[1]: Entering directory `/home/karel/ros/ar_drone2/CMakeFiles/CMakeTmp'
/usr/bin/cmake -E cmake_progress_report /home/karel/ros/ar_drone2/CMakeFiles/CMakeTmp/CMakeFiles 1
Building C object CMakeFiles/cmTryCompileExec.dir/CMakeCCompilerABI.c.o
/usr/bin/gcc    -o CMakeFiles/cmTryCompileExec.dir/CMakeCCompilerABI.c.o   -c /usr/share/cmake/Modules/CMakeCCompilerABI.c
Linking C executable cmTryCompileExec
/usr/bin/cmake -E cmake_link_script CMakeFiles/cmTryCompileExec.dir/link.txt --verbose=1
/usr/bin/gcc       -v CMakeFiles/cmTryCompileExec.dir/CMakeCCompilerABI.c.o  -o cmTryCompileExec -rdynamic  
Using built-in specs.
COLLECT_GCC=/usr/bin/gcc
COLLECT_LTO_WRAPPER=/usr/lib/gcc/i586-suse-linux/4.5/lto-wrapper
Target: i586-suse-linux
Configured with: ../configure --prefix=/usr --infodir=/usr/share/info --mandir=/usr/share/man --libdir=/usr/lib --libexecdir=/usr/lib --enable-languages=c,c++,objc,fortran,obj-c++,java,ada --enable-checking=release --with-gxx-include-dir=/usr/include/c++/4.5 --enable-ssp --disable-libssp --disable-plugin --with-bugurl=http://bugs.opensuse.org/ --with-pkgversion='SUSE Linux' --disable-libgcj --disable-libmudflap --with-slibdir=/lib --with-system-zlib --enable-__cxa_atexit --enable-libstdcxx-allocator=new --disable-libstdcxx-pch --enable-version-specific-runtime-libs --program-suffix=-4.5 --enable-linux-futex --without-system-libunwind --enable-gold --with-plugin-ld=/usr/bin/gold --with-arch-32=i586 --with-tune=generic --build=i586-suse-linux
Thread model: posix
gcc version 4.5.0 20100604 [gcc-4_5-branch revision 160292] (SUSE Linux) 
COMPILER_PATH=/usr/lib/gcc/i586-suse-linux/4.5/:/usr/lib/gcc/i586-suse-linux/4.5/:/usr/lib/gcc/i586-suse-linux/:/usr/lib/gcc/i586-suse-linux/4.5/:/usr/lib/gcc/i586-suse-linux/:/usr/lib/gcc/i586-suse-linux/4.5/../../../../i586-suse-linux/bin/
LIBRARY_PATH=/usr/lib/gcc/i586-suse-linux/4.5/:/usr/lib/gcc/i586-suse-linux/4.5/../../../../i586-suse-linux/lib/:/usr/lib/gcc/i586-suse-linux/4.5/../../../:/lib/:/usr/lib/
COLLECT_GCC_OPTIONS='-v' '-o' 'cmTryCompileExec' '-rdynamic' '-mtune=generic' '-march=i586'
 /usr/lib/gcc/i586-suse-linux/4.5/collect2 --build-id --eh-frame-hdr -m elf_i386 -export-dynamic -dynamic-linker /lib/ld-linux.so.2 -o cmTryCompileExec /usr/lib/gcc/i586-suse-linux/4.5/../../../crt1.o /usr/lib/gcc/i586-suse-linux/4.5/../../../crti.o /usr/lib/gcc/i586-suse-linux/4.5/crtbegin.o -L/usr/lib/gcc/i586-suse-linux/4.5 -L/usr/lib/gcc/i586-suse-linux/4.5/../../../../i586-suse-linux/lib -L/usr/lib/gcc/i586-suse-linux/4.5/../../.. CMakeFiles/cmTryCompileExec.dir/CMakeCCompilerABI.c.o -lgcc --as-needed -lgcc_s --no-as-needed -lc -lgcc --as-needed -lgcc_s --no-as-needed /usr/lib/gcc/i586-suse-linux/4.5/crtend.o /usr/lib/gcc/i586-suse-linux/4.5/../../../crtn.o
gmake[1]: Leaving directory `/home/karel/ros/ar_drone2/CMakeFiles/CMakeTmp'


Parsed C implicit link information from above output:
  link line regex: [^( *|.*[/\])(ld|ld|collect2)[^/\]*( |$)]
  ignore line: [Change Dir: /home/karel/ros/ar_drone2/CMakeFiles/CMakeTmp]
  ignore line: []
  ignore line: [Run Build Command:/usr/bin/gmake "cmTryCompileExec/fast"]
  ignore line: [/usr/bin/gmake -f CMakeFiles/cmTryCompileExec.dir/build.make CMakeFiles/cmTryCompileExec.dir/build]
  ignore line: [gmake[1]: Entering directory `/home/karel/ros/ar_drone2/CMakeFiles/CMakeTmp']
  ignore line: [/usr/bin/cmake -E cmake_progress_report /home/karel/ros/ar_drone2/CMakeFiles/CMakeTmp/CMakeFiles 1]
  ignore line: [Building C object CMakeFiles/cmTryCompileExec.dir/CMakeCCompilerABI.c.o]
  ignore line: [/usr/bin/gcc    -o CMakeFiles/cmTryCompileExec.dir/CMakeCCompilerABI.c.o   -c /usr/share/cmake/Modules/CMakeCCompilerABI.c]
  ignore line: [Linking C executable cmTryCompileExec]
  ignore line: [/usr/bin/cmake -E cmake_link_script CMakeFiles/cmTryCompileExec.dir/link.txt --verbose=1]
  ignore line: [/usr/bin/gcc       -v CMakeFiles/cmTryCompileExec.dir/CMakeCCompilerABI.c.o  -o cmTryCompileExec -rdynamic  ]
  ignore line: [Using built-in specs.]
  ignore line: [COLLECT_GCC=/usr/bin/gcc]
  ignore line: [COLLECT_LTO_WRAPPER=/usr/lib/gcc/i586-suse-linux/4.5/lto-wrapper]
  ignore line: [Target: i586-suse-linux]
  ignore line: [Configured with: ../configure --prefix=/usr --infodir=/usr/share/info --mandir=/usr/share/man --libdir=/usr/lib --libexecdir=/usr/lib --enable-languages=c,c++,objc,fortran,obj-c++,java,ada --enable-checking=release --with-gxx-include-dir=/usr/include/c++/4.5 --enable-ssp --disable-libssp --disable-plugin --with-bugurl=http://bugs.opensuse.org/ --with-pkgversion='SUSE Linux' --disable-libgcj --disable-libmudflap --with-slibdir=/lib --with-system-zlib --enable-__cxa_atexit --enable-libstdcxx-allocator=new --disable-libstdcxx-pch --enable-version-specific-runtime-libs --program-suffix=-4.5 --enable-linux-futex --without-system-libunwind --enable-gold --with-plugin-ld=/usr/bin/gold --with-arch-32=i586 --with-tune=generic --build=i586-suse-linux]
  ignore line: [Thread model: posix]
  ignore line: [gcc version 4.5.0 20100604 [gcc-4_5-branch revision 160292] (SUSE Linux) ]
  ignore line: [COMPILER_PATH=/usr/lib/gcc/i586-suse-linux/4.5/:/usr/lib/gcc/i586-suse-linux/4.5/:/usr/lib/gcc/i586-suse-linux/:/usr/lib/gcc/i586-suse-linux/4.5/:/usr/lib/gcc/i586-suse-linux/:/usr/lib/gcc/i586-suse-linux/4.5/../../../../i586-suse-linux/bin/]
  ignore line: [LIBRARY_PATH=/usr/lib/gcc/i586-suse-linux/4.5/:/usr/lib/gcc/i586-suse-linux/4.5/../../../../i586-suse-linux/lib/:/usr/lib/gcc/i586-suse-linux/4.5/../../../:/lib/:/usr/lib/]
  ignore line: [COLLECT_GCC_OPTIONS='-v' '-o' 'cmTryCompileExec' '-rdynamic' '-mtune=generic' '-march=i586']
  link line: [ /usr/lib/gcc/i586-suse-linux/4.5/collect2 --build-id --eh-frame-hdr -m elf_i386 -export-dynamic -dynamic-linker /lib/ld-linux.so.2 -o cmTryCompileExec /usr/lib/gcc/i586-suse-linux/4.5/../../../crt1.o /usr/lib/gcc/i586-suse-linux/4.5/../../../crti.o /usr/lib/gcc/i586-suse-linux/4.5/crtbegin.o -L/usr/lib/gcc/i586-suse-linux/4.5 -L/usr/lib/gcc/i586-suse-linux/4.5/../../../../i586-suse-linux/lib -L/usr/lib/gcc/i586-suse-linux/4.5/../../.. CMakeFiles/cmTryCompileExec.dir/CMakeCCompilerABI.c.o -lgcc --as-needed -lgcc_s --no-as-needed -lc -lgcc --as-needed -lgcc_s --no-as-needed /usr/lib/gcc/i586-suse-linux/4.5/crtend.o /usr/lib/gcc/i586-suse-linux/4.5/../../../crtn.o]
    arg [/usr/lib/gcc/i586-suse-linux/4.5/collect2] ==> ignore
    arg [--build-id] ==> ignore
    arg [--eh-frame-hdr] ==> ignore
    arg [-m] ==> ignore
    arg [elf_i386] ==> ignore
    arg [-export-dynamic] ==> ignore
    arg [-dynamic-linker] ==> ignore
    arg [/lib/ld-linux.so.2] ==> ignore
    arg [-o] ==> ignore
    arg [cmTryCompileExec] ==> ignore
    arg [/usr/lib/gcc/i586-suse-linux/4.5/../../../crt1.o] ==> ignore
    arg [/usr/lib/gcc/i586-suse-linux/4.5/../../../crti.o] ==> ignore
    arg [/usr/lib/gcc/i586-suse-linux/4.5/crtbegin.o] ==> ignore
    arg [-L/usr/lib/gcc/i586-suse-linux/4.5] ==> dir [/usr/lib/gcc/i586-suse-linux/4.5]
    arg [-L/usr/lib/gcc/i586-suse-linux/4.5/../../../../i586-suse-linux/lib] ==> dir [/usr/lib/gcc/i586-suse-linux/4.5/../../../../i586-suse-linux/lib]
    arg [-L/usr/lib/gcc/i586-suse-linux/4.5/../../..] ==> dir [/usr/lib/gcc/i586-suse-linux/4.5/../../..]
    arg [CMakeFiles/cmTryCompileExec.dir/CMakeCCompilerABI.c.o] ==> ignore
    arg [-lgcc] ==> lib [gcc]
    arg [--as-needed] ==> ignore
    arg [-lgcc_s] ==> lib [gcc_s]
    arg [--no-as-needed] ==> ignore
    arg [-lc] ==> lib [c]
    arg [-lgcc] ==> lib [gcc]
    arg [--as-needed] ==> ignore
    arg [-lgcc_s] ==> lib [gcc_s]
    arg [--no-as-needed] ==> ignore
    arg [/usr/lib/gcc/i586-suse-linux/4.5/crtend.o] ==> ignore
    arg [/usr/lib/gcc/i586-suse-linux/4.5/../../../crtn.o] ==> ignore
  remove lib [gcc]
  remove lib [gcc_s]
  remove lib [gcc]
  remove lib [gcc_s]
  collapse dir [/usr/lib/gcc/i586-suse-linux/4.5] ==> [/usr/lib/gcc/i586-suse-linux/4.5]
  collapse dir [/usr/lib/gcc/i586-suse-linux/4.5/../../../../i586-suse-linux/lib] ==> [/usr/i586-suse-linux/lib]
  collapse dir [/usr/lib/gcc/i586-suse-linux/4.5/../../..] ==> [/usr/lib]
  implicit libs: [c]
  implicit dirs: [/usr/lib/gcc/i586-suse-linux/4.5;/usr/i586-suse-linux/lib;/usr/lib]


Determining if the CXX compiler works passed with the following output:
Change Dir: /home/karel/ros/ar_drone2/CMakeFiles/CMakeTmp

Run Build Command:/usr/bin/gmake "cmTryCompileExec/fast"
/usr/bin/gmake -f CMakeFiles/cmTryCompileExec.dir/build.make CMakeFiles/cmTryCompileExec.dir/build
gmake[1]: Entering directory `/home/karel/ros/ar_drone2/CMakeFiles/CMakeTmp'
/usr/bin/cmake -E cmake_progress_report /home/karel/ros/ar_drone2/CMakeFiles/CMakeTmp/CMakeFiles 1
Building CXX object CMakeFiles/cmTryCompileExec.dir/testCXXCompiler.cxx.o
/usr/bin/c++     -o CMakeFiles/cmTryCompileExec.dir/testCXXCompiler.cxx.o -c /home/karel/ros/ar_drone2/CMakeFiles/CMakeTmp/testCXXCompiler.cxx
Linking CXX executable cmTryCompileExec
/usr/bin/cmake -E cmake_link_script CMakeFiles/cmTryCompileExec.dir/link.txt --verbose=1
/usr/bin/c++         CMakeFiles/cmTryCompileExec.dir/testCXXCompiler.cxx.o  -o cmTryCompileExec -rdynamic 
gmake[1]: Leaving directory `/home/karel/ros/ar_drone2/CMakeFiles/CMakeTmp'


Detecting CXX compiler ABI info compiled with the following output:
Change Dir: /home/karel/ros/ar_drone2/CMakeFiles/CMakeTmp

Run Build Command:/usr/bin/gmake "cmTryCompileExec/fast"
/usr/bin/gmake -f CMakeFiles/cmTryCompileExec.dir/build.make CMakeFiles/cmTryCompileExec.dir/build
gmake[1]: Entering directory `/home/karel/ros/ar_drone2/CMakeFiles/CMakeTmp'
/usr/bin/cmake -E cmake_progress_report /home/karel/ros/ar_drone2/CMakeFiles/CMakeTmp/CMakeFiles 1
Building CXX object CMakeFiles/cmTryCompileExec.dir/CMakeCXXCompilerABI.cpp.o
/usr/bin/c++     -o CMakeFiles/cmTryCompileExec.dir/CMakeCXXCompilerABI.cpp.o -c /usr/share/cmake/Modules/CMakeCXXCompilerABI.cpp
Linking CXX executable cmTryCompileExec
/usr/bin/cmake -E cmake_link_script CMakeFiles/cmTryCompileExec.dir/link.txt --verbose=1
/usr/bin/c++        -v CMakeFiles/cmTryCompileExec.dir/CMakeCXXCompilerABI.cpp.o  -o cmTryCompileExec -rdynamic  
Using built-in specs.
COLLECT_GCC=/usr/bin/c++
COLLECT_LTO_WRAPPER=/usr/lib/gcc/i586-suse-linux/4.5/lto-wrapper
Target: i586-suse-linux
Configured with: ../configure --prefix=/usr --infodir=/usr/share/info --mandir=/usr/share/man --libdir=/usr/lib --libexecdir=/usr/lib --enable-languages=c,c++,objc,fortran,obj-c++,java,ada --enable-checking=release --with-gxx-include-dir=/usr/include/c++/4.5 --enable-ssp --disable-libssp --disable-plugin --with-bugurl=http://bugs.opensuse.org/ --with-pkgversion='SUSE Linux' --disable-libgcj --disable-libmudflap --with-slibdir=/lib --with-system-zlib --enable-__cxa_atexit --enable-libstdcxx-allocator=new --disable-libstdcxx-pch --enable-version-specific-runtime-libs --program-suffix=-4.5 --enable-linux-futex --without-system-libunwind --enable-gold --with-plugin-ld=/usr/bin/gold --with-arch-32=i586 --with-tune=generic --build=i586-suse-linux
Thread model: posix
gcc version 4.5.0 20100604 [gcc-4_5-branch revision 160292] (SUSE Linux) 
COMPILER_PATH=/usr/lib/gcc/i586-suse-linux/4.5/:/usr/lib/gcc/i586-suse-linux/4.5/:/usr/lib/gcc/i586-suse-linux/:/usr/lib/gcc/i586-suse-linux/4.5/:/usr/lib/gcc/i586-suse-linux/:/usr/lib/gcc/i586-suse-linux/4.5/../../../../i586-suse-linux/bin/
LIBRARY_PATH=/usr/lib/gcc/i586-suse-linux/4.5/:/usr/lib/gcc/i586-suse-linux/4.5/../../../../i586-suse-linux/lib/:/usr/lib/gcc/i586-suse-linux/4.5/../../../:/lib/:/usr/lib/
COLLECT_GCC_OPTIONS='-v' '-o' 'cmTryCompileExec' '-rdynamic' '-shared-libgcc' '-mtune=generic' '-march=i586'
 /usr/lib/gcc/i586-suse-linux/4.5/collect2 --build-id --eh-frame-hdr -m elf_i386 -export-dynamic -dynamic-linker /lib/ld-linux.so.2 -o cmTryCompileExec /usr/lib/gcc/i586-suse-linux/4.5/../../../crt1.o /usr/lib/gcc/i586-suse-linux/4.5/../../../crti.o /usr/lib/gcc/i586-suse-linux/4.5/crtbegin.o -L/usr/lib/gcc/i586-suse-linux/4.5 -L/usr/lib/gcc/i586-suse-linux/4.5/../../../../i586-suse-linux/lib -L/usr/lib/gcc/i586-suse-linux/4.5/../../.. CMakeFiles/cmTryCompileExec.dir/CMakeCXXCompilerABI.cpp.o -lstdc++ -lm -lgcc_s -lgcc -lc -lgcc_s -lgcc /usr/lib/gcc/i586-suse-linux/4.5/crtend.o /usr/lib/gcc/i586-suse-linux/4.5/../../../crtn.o
gmake[1]: Leaving directory `/home/karel/ros/ar_drone2/CMakeFiles/CMakeTmp'


Parsed CXX implicit link information from above output:
  link line regex: [^( *|.*[/\])(ld|ld|collect2)[^/\]*( |$)]
  ignore line: [Change Dir: /home/karel/ros/ar_drone2/CMakeFiles/CMakeTmp]
  ignore line: []
  ignore line: [Run Build Command:/usr/bin/gmake "cmTryCompileExec/fast"]
  ignore line: [/usr/bin/gmake -f CMakeFiles/cmTryCompileExec.dir/build.make CMakeFiles/cmTryCompileExec.dir/build]
  ignore line: [gmake[1]: Entering directory `/home/karel/ros/ar_drone2/CMakeFiles/CMakeTmp']
  ignore line: [/usr/bin/cmake -E cmake_progress_report /home/karel/ros/ar_drone2/CMakeFiles/CMakeTmp/CMakeFiles 1]
  ignore line: [Building CXX object CMakeFiles/cmTryCompileExec.dir/CMakeCXXCompilerABI.cpp.o]
  ignore line: [/usr/bin/c++     -o CMakeFiles/cmTryCompileExec.dir/CMakeCXXCompilerABI.cpp.o -c /usr/share/cmake/Modules/CMakeCXXCompilerABI.cpp]
  ignore line: [Linking CXX executable cmTryCompileExec]
  ignore line: [/usr/bin/cmake -E cmake_link_script CMakeFiles/cmTryCompileExec.dir/link.txt --verbose=1]
  ignore line: [/usr/bin/c++        -v CMakeFiles/cmTryCompileExec.dir/CMakeCXXCompilerABI.cpp.o  -o cmTryCompileExec -rdynamic  ]
  ignore line: [Using built-in specs.]
  ignore line: [COLLECT_GCC=/usr/bin/c++]
  ignore line: [COLLECT_LTO_WRAPPER=/usr/lib/gcc/i586-suse-linux/4.5/lto-wrapper]
  ignore line: [Target: i586-suse-linux]
  ignore line: [Configured with: ../configure --prefix=/usr --infodir=/usr/share/info --mandir=/usr/share/man --libdir=/usr/lib --libexecdir=/usr/lib --enable-languages=c,c++,objc,fortran,obj-c++,java,ada --enable-checking=release --with-gxx-include-dir=/usr/include/c++/4.5 --enable-ssp --disable-libssp --disable-plugin --with-bugurl=http://bugs.opensuse.org/ --with-pkgversion='SUSE Linux' --disable-libgcj --disable-libmudflap --with-slibdir=/lib --with-system-zlib --enable-__cxa_atexit --enable-libstdcxx-allocator=new --disable-libstdcxx-pch --enable-version-specific-runtime-libs --program-suffix=-4.5 --enable-linux-futex --without-system-libunwind --enable-gold --with-plugin-ld=/usr/bin/gold --with-arch-32=i586 --with-tune=generic --build=i586-suse-linux]
  ignore line: [Thread model: posix]
  ignore line: [gcc version 4.5.0 20100604 [gcc-4_5-branch revision 160292] (SUSE Linux) ]
  ignore line: [COMPILER_PATH=/usr/lib/gcc/i586-suse-linux/4.5/:/usr/lib/gcc/i586-suse-linux/4.5/:/usr/lib/gcc/i586-suse-linux/:/usr/lib/gcc/i586-suse-linux/4.5/:/usr/lib/gcc/i586-suse-linux/:/usr/lib/gcc/i586-suse-linux/4.5/../../../../i586-suse-linux/bin/]
  ignore line: [LIBRARY_PATH=/usr/lib/gcc/i586-suse-linux/4.5/:/usr/lib/gcc/i586-suse-linux/4.5/../../../../i586-suse-linux/lib/:/usr/lib/gcc/i586-suse-linux/4.5/../../../:/lib/:/usr/lib/]
  ignore line: [COLLECT_GCC_OPTIONS='-v' '-o' 'cmTryCompileExec' '-rdynamic' '-shared-libgcc' '-mtune=generic' '-march=i586']
  link line: [ /usr/lib/gcc/i586-suse-linux/4.5/collect2 --build-id --eh-frame-hdr -m elf_i386 -export-dynamic -dynamic-linker /lib/ld-linux.so.2 -o cmTryCompileExec /usr/lib/gcc/i586-suse-linux/4.5/../../../crt1.o /usr/lib/gcc/i586-suse-linux/4.5/../../../crti.o /usr/lib/gcc/i586-suse-linux/4.5/crtbegin.o -L/usr/lib/gcc/i586-suse-linux/4.5 -L/usr/lib/gcc/i586-suse-linux/4.5/../../../../i586-suse-linux/lib -L/usr/lib/gcc/i586-suse-linux/4.5/../../.. CMakeFiles/cmTryCompileExec.dir/CMakeCXXCompilerABI.cpp.o -lstdc++ -lm -lgcc_s -lgcc -lc -lgcc_s -lgcc /usr/lib/gcc/i586-suse-linux/4.5/crtend.o /usr/lib/gcc/i586-suse-linux/4.5/../../../crtn.o]
    arg [/usr/lib/gcc/i586-suse-linux/4.5/collect2] ==> ignore
    arg [--build-id] ==> ignore
    arg [--eh-frame-hdr] ==> ignore
    arg [-m] ==> ignore
    arg [elf_i386] ==> ignore
    arg [-export-dynamic] ==> ignore
    arg [-dynamic-linker] ==> ignore
    arg [/lib/ld-linux.so.2] ==> ignore
    arg [-o] ==> ignore
    arg [cmTryCompileExec] ==> ignore
    arg [/usr/lib/gcc/i586-suse-linux/4.5/../../../crt1.o] ==> ignore
    arg [/usr/lib/gcc/i586-suse-linux/4.5/../../../crti.o] ==> ignore
    arg [/usr/lib/gcc/i586-suse-linux/4.5/crtbegin.o] ==> ignore
    arg [-L/usr/lib/gcc/i586-suse-linux/4.5] ==> dir [/usr/lib/gcc/i586-suse-linux/4.5]
    arg [-L/usr/lib/gcc/i586-suse-linux/4.5/../../../../i586-suse-linux/lib] ==> dir [/usr/lib/gcc/i586-suse-linux/4.5/../../../../i586-suse-linux/lib]
    arg [-L/usr/lib/gcc/i586-suse-linux/4.5/../../..] ==> dir [/usr/lib/gcc/i586-suse-linux/4.5/../../..]
    arg [CMakeFiles/cmTryCompileExec.dir/CMakeCXXCompilerABI.cpp.o] ==> ignore
    arg [-lstdc++] ==> lib [stdc++]
    arg [-lm] ==> lib [m]
    arg [-lgcc_s] ==> lib [gcc_s]
    arg [-lgcc] ==> lib [gcc]
    arg [-lc] ==> lib [c]
    arg [-lgcc_s] ==> lib [gcc_s]
    arg [-lgcc] ==> lib [gcc]
    arg [/usr/lib/gcc/i586-suse-linux/4.5/crtend.o] ==> ignore
    arg [/usr/lib/gcc/i586-suse-linux/4.5/../../../crtn.o] ==> ignore
  remove lib [gcc_s]
  remove lib [gcc]
  remove lib [gcc_s]
  remove lib [gcc]
  collapse dir [/usr/lib/gcc/i586-suse-linux/4.5] ==> [/usr/lib/gcc/i586-suse-linux/4.5]
  collapse dir [/usr/lib/gcc/i586-suse-linux/4.5/../../../../i586-suse-linux/lib] ==> [/usr/i586-suse-linux/lib]
  collapse dir [/usr/lib/gcc/i586-suse-linux/4.5/../../..] ==> [/usr/lib]
  implicit libs: [stdc++;m;c]
  implicit dirs: [/usr/lib/gcc/i586-suse-linux/4.5;/usr/i586-suse-linux/lib;/usr/lib]


The system is: Linux - 2.6.37.6-0.11-desktop - i686
Compiling the C compiler identification source file "CMakeCCompilerId.c" succeeded.
Compiler: /usr/bin/gcc 
Build flags: 
Id flags: 

The output was:
0


Compilation of the C compiler identification source "CMakeCCompilerId.c" produced "a.out"

The C compiler identification is GNU, found in "/home/karel/ros/ar_drone2/CMakeFiles/CompilerIdC/a.out"

Compiling the CXX compiler identification source file "CMakeCXXCompilerId.cpp" succeeded.
Compiler: /usr/bin/c++ 
Build flags: 
Id flags: 

The output was:
0
CMakeCXXCompilerId.cpp:79:58: warning: deprecated conversion from string constant to ‘char*’
CMakeCXXCompilerId.cpp:192:58: warning: deprecated conversion from string constant to ‘char*’
CMakeCXXCompilerId.cpp:193:54: warning: deprecated conversion from string constant to ‘char*’


Compilation of the CXX compiler identification source "CMakeCXXCompilerId.cpp" produced "a.out"

The CXX compiler identification is GNU, found in "/home/karel/ros/ar_drone2/CMakeFiles/CompilerIdCXX/a.out"

Determining if the C compiler works passed with the following output:
Change Dir: /home/karel/ros/ar_drone2/CMakeFiles/CMakeTmp

Run Build Command:/usr/bin/gmake "cmTryCompileExec/fast"
gmake[1]: Entering directory `/home/karel/ros/ar_drone2/CMakeFiles/CMakeTmp'
/usr/bin/gmake -f CMakeFiles/cmTryCompileExec.dir/build.make CMakeFiles/cmTryCompileExec.dir/build
gmake[2]: Entering directory `/home/karel/ros/ar_drone2/CMakeFiles/CMakeTmp'
/usr/bin/cmake -E cmake_progress_report /home/karel/ros/ar_drone2/CMakeFiles/CMakeTmp/CMakeFiles 1
Building C object CMakeFiles/cmTryCompileExec.dir/testCCompiler.c.o
/usr/bin/gcc    -o CMakeFiles/cmTryCompileExec.dir/testCCompiler.c.o   -c /home/karel/ros/ar_drone2/CMakeFiles/CMakeTmp/testCCompiler.c
Linking C executable cmTryCompileExec
/usr/bin/cmake -E cmake_link_script CMakeFiles/cmTryCompileExec.dir/link.txt --verbose=1
/usr/bin/gcc        CMakeFiles/cmTryCompileExec.dir/testCCompiler.c.o  -o cmTryCompileExec -rdynamic 
gmake[2]: Leaving directory `/home/karel/ros/ar_drone2/CMakeFiles/CMakeTmp'
gmake[1]: Leaving directory `/home/karel/ros/ar_drone2/CMakeFiles/CMakeTmp'


Detecting C compiler ABI info compiled with the following output:
Change Dir: /home/karel/ros/ar_drone2/CMakeFiles/CMakeTmp

Run Build Command:/usr/bin/gmake "cmTryCompileExec/fast"
gmake[1]: Entering directory `/home/karel/ros/ar_drone2/CMakeFiles/CMakeTmp'
/usr/bin/gmake -f CMakeFiles/cmTryCompileExec.dir/build.make CMakeFiles/cmTryCompileExec.dir/build
gmake[2]: Entering directory `/home/karel/ros/ar_drone2/CMakeFiles/CMakeTmp'
/usr/bin/cmake -E cmake_progress_report /home/karel/ros/ar_drone2/CMakeFiles/CMakeTmp/CMakeFiles 1
Building C object CMakeFiles/cmTryCompileExec.dir/CMakeCCompilerABI.c.o
/usr/bin/gcc    -o CMakeFiles/cmTryCompileExec.dir/CMakeCCompilerABI.c.o   -c /usr/share/cmake/Modules/CMakeCCompilerABI.c
Linking C executable cmTryCompileExec
/usr/bin/cmake -E cmake_link_script CMakeFiles/cmTryCompileExec.dir/link.txt --verbose=1
/usr/bin/gcc       -v CMakeFiles/cmTryCompileExec.dir/CMakeCCompilerABI.c.o  -o cmTryCompileExec -rdynamic  
Using built-in specs.
COLLECT_GCC=/usr/bin/gcc
COLLECT_LTO_WRAPPER=/usr/lib/gcc/i586-suse-linux/4.5/lto-wrapper
Target: i586-suse-linux
Configured with: ../configure --prefix=/usr --infodir=/usr/share/info --mandir=/usr/share/man --libdir=/usr/lib --libexecdir=/usr/lib --enable-languages=c,c++,objc,fortran,obj-c++,java,ada --enable-checking=release --with-gxx-include-dir=/usr/include/c++/4.5 --enable-ssp --disable-libssp --disable-plugin --with-bugurl=http://bugs.opensuse.org/ --with-pkgversion='SUSE Linux' --disable-libgcj --disable-libmudflap --with-slibdir=/lib --with-system-zlib --enable-__cxa_atexit --enable-libstdcxx-allocator=new --disable-libstdcxx-pch --enable-version-specific-runtime-libs --program-suffix=-4.5 --enable-linux-futex --without-system-libunwind --enable-gold --with-plugin-ld=/usr/bin/gold --with-arch-32=i586 --with-tune=generic --build=i586-suse-linux
Thread model: posix
gcc version 4.5.0 20100604 [gcc-4_5-branch revision 160292] (SUSE Linux) 
COMPILER_PATH=/usr/lib/gcc/i586-suse-linux/4.5/:/usr/lib/gcc/i586-suse-linux/4.5/:/usr/lib/gcc/i586-suse-linux/:/usr/lib/gcc/i586-suse-linux/4.5/:/usr/lib/gcc/i586-suse-linux/:/usr/lib/gcc/i586-suse-linux/4.5/../../../../i586-suse-linux/bin/
LIBRARY_PATH=/usr/lib/gcc/i586-suse-linux/4.5/:/usr/lib/gcc/i586-suse-linux/4.5/../../../../i586-suse-linux/lib/:/usr/lib/gcc/i586-suse-linux/4.5/../../../:/lib/:/usr/lib/
COLLECT_GCC_OPTIONS='-v' '-o' 'cmTryCompileExec' '-rdynamic' '-mtune=generic' '-march=i586'
 /usr/lib/gcc/i586-suse-linux/4.5/collect2 --build-id --eh-frame-hdr -m elf_i386 -export-dynamic -dynamic-linker /lib/ld-linux.so.2 -o cmTryCompileExec /usr/lib/gcc/i586-suse-linux/4.5/../../../crt1.o /usr/lib/gcc/i586-suse-linux/4.5/../../../crti.o /usr/lib/gcc/i586-suse-linux/4.5/crtbegin.o -L/usr/lib/gcc/i586-suse-linux/4.5 -L/usr/lib/gcc/i586-suse-linux/4.5/../../../../i586-suse-linux/lib -L/usr/lib/gcc/i586-suse-linux/4.5/../../.. CMakeFiles/cmTryCompileExec.dir/CMakeCCompilerABI.c.o -lgcc --as-needed -lgcc_s --no-as-needed -lc -lgcc --as-needed -lgcc_s --no-as-needed /usr/lib/gcc/i586-suse-linux/4.5/crtend.o /usr/lib/gcc/i586-suse-linux/4.5/../../../crtn.o
gmake[2]: Leaving directory `/home/karel/ros/ar_drone2/CMakeFiles/CMakeTmp'
gmake[1]: Leaving directory `/home/karel/ros/ar_drone2/CMakeFiles/CMakeTmp'


Parsed C implicit link information from above output:
  link line regex: [^( *|.*[/\])(ld|ld|collect2)[^/\]*( |$)]
  ignore line: [Change Dir: /home/karel/ros/ar_drone2/CMakeFiles/CMakeTmp]
  ignore line: []
  ignore line: [Run Build Command:/usr/bin/gmake "cmTryCompileExec/fast"]
  ignore line: [gmake[1]: Entering directory `/home/karel/ros/ar_drone2/CMakeFiles/CMakeTmp']
  ignore line: [/usr/bin/gmake -f CMakeFiles/cmTryCompileExec.dir/build.make CMakeFiles/cmTryCompileExec.dir/build]
  ignore line: [gmake[2]: Entering directory `/home/karel/ros/ar_drone2/CMakeFiles/CMakeTmp']
  ignore line: [/usr/bin/cmake -E cmake_progress_report /home/karel/ros/ar_drone2/CMakeFiles/CMakeTmp/CMakeFiles 1]
  ignore line: [Building C object CMakeFiles/cmTryCompileExec.dir/CMakeCCompilerABI.c.o]
  ignore line: [/usr/bin/gcc    -o CMakeFiles/cmTryCompileExec.dir/CMakeCCompilerABI.c.o   -c /usr/share/cmake/Modules/CMakeCCompilerABI.c]
  ignore line: [Linking C executable cmTryCompileExec]
  ignore line: [/usr/bin/cmake -E cmake_link_script CMakeFiles/cmTryCompileExec.dir/link.txt --verbose=1]
  ignore line: [/usr/bin/gcc       -v CMakeFiles/cmTryCompileExec.dir/CMakeCCompilerABI.c.o  -o cmTryCompileExec -rdynamic  ]
  ignore line: [Using built-in specs.]
  ignore line: [COLLECT_GCC=/usr/bin/gcc]
  ignore line: [COLLECT_LTO_WRAPPER=/usr/lib/gcc/i586-suse-linux/4.5/lto-wrapper]
  ignore line: [Target: i586-suse-linux]
  ignore line: [Configured with: ../configure --prefix=/usr --infodir=/usr/share/info --mandir=/usr/share/man --libdir=/usr/lib --libexecdir=/usr/lib --enable-languages=c,c++,objc,fortran,obj-c++,java,ada --enable-checking=release --with-gxx-include-dir=/usr/include/c++/4.5 --enable-ssp --disable-libssp --disable-plugin --with-bugurl=http://bugs.opensuse.org/ --with-pkgversion='SUSE Linux' --disable-libgcj --disable-libmudflap --with-slibdir=/lib --with-system-zlib --enable-__cxa_atexit --enable-libstdcxx-allocator=new --disable-libstdcxx-pch --enable-version-specific-runtime-libs --program-suffix=-4.5 --enable-linux-futex --without-system-libunwind --enable-gold --with-plugin-ld=/usr/bin/gold --with-arch-32=i586 --with-tune=generic --build=i586-suse-linux]
  ignore line: [Thread model: posix]
  ignore line: [gcc version 4.5.0 20100604 [gcc-4_5-branch revision 160292] (SUSE Linux) ]
  ignore line: [COMPILER_PATH=/usr/lib/gcc/i586-suse-linux/4.5/:/usr/lib/gcc/i586-suse-linux/4.5/:/usr/lib/gcc/i586-suse-linux/:/usr/lib/gcc/i586-suse-linux/4.5/:/usr/lib/gcc/i586-suse-linux/:/usr/lib/gcc/i586-suse-linux/4.5/../../../../i586-suse-linux/bin/]
  ignore line: [LIBRARY_PATH=/usr/lib/gcc/i586-suse-linux/4.5/:/usr/lib/gcc/i586-suse-linux/4.5/../../../../i586-suse-linux/lib/:/usr/lib/gcc/i586-suse-linux/4.5/../../../:/lib/:/usr/lib/]
  ignore line: [COLLECT_GCC_OPTIONS='-v' '-o' 'cmTryCompileExec' '-rdynamic' '-mtune=generic' '-march=i586']
  link line: [ /usr/lib/gcc/i586-suse-linux/4.5/collect2 --build-id --eh-frame-hdr -m elf_i386 -export-dynamic -dynamic-linker /lib/ld-linux.so.2 -o cmTryCompileExec /usr/lib/gcc/i586-suse-linux/4.5/../../../crt1.o /usr/lib/gcc/i586-suse-linux/4.5/../../../crti.o /usr/lib/gcc/i586-suse-linux/4.5/crtbegin.o -L/usr/lib/gcc/i586-suse-linux/4.5 -L/usr/lib/gcc/i586-suse-linux/4.5/../../../../i586-suse-linux/lib -L/usr/lib/gcc/i586-suse-linux/4.5/../../.. CMakeFiles/cmTryCompileExec.dir/CMakeCCompilerABI.c.o -lgcc --as-needed -lgcc_s --no-as-needed -lc -lgcc --as-needed -lgcc_s --no-as-needed /usr/lib/gcc/i586-suse-linux/4.5/crtend.o /usr/lib/gcc/i586-suse-linux/4.5/../../../crtn.o]
    arg [/usr/lib/gcc/i586-suse-linux/4.5/collect2] ==> ignore
    arg [--build-id] ==> ignore
    arg [--eh-frame-hdr] ==> ignore
    arg [-m] ==> ignore
    arg [elf_i386] ==> ignore
    arg [-export-dynamic] ==> ignore
    arg [-dynamic-linker] ==> ignore
    arg [/lib/ld-linux.so.2] ==> ignore
    arg [-o] ==> ignore
    arg [cmTryCompileExec] ==> ignore
    arg [/usr/lib/gcc/i586-suse-linux/4.5/../../../crt1.o] ==> ignore
    arg [/usr/lib/gcc/i586-suse-linux/4.5/../../../crti.o] ==> ignore
    arg [/usr/lib/gcc/i586-suse-linux/4.5/crtbegin.o] ==> ignore
    arg [-L/usr/lib/gcc/i586-suse-linux/4.5] ==> dir [/usr/lib/gcc/i586-suse-linux/4.5]
    arg [-L/usr/lib/gcc/i586-suse-linux/4.5/../../../../i586-suse-linux/lib] ==> dir [/usr/lib/gcc/i586-suse-linux/4.5/../../../../i586-suse-linux/lib]
    arg [-L/usr/lib/gcc/i586-suse-linux/4.5/../../..] ==> dir [/usr/lib/gcc/i586-suse-linux/4.5/../../..]
    arg [CMakeFiles/cmTryCompileExec.dir/CMakeCCompilerABI.c.o] ==> ignore
    arg [-lgcc] ==> lib [gcc]
    arg [--as-needed] ==> ignore
    arg [-lgcc_s] ==> lib [gcc_s]
    arg [--no-as-needed] ==> ignore
    arg [-lc] ==> lib [c]
    arg [-lgcc] ==> lib [gcc]
    arg [--as-needed] ==> ignore
    arg [-lgcc_s] ==> lib [gcc_s]
    arg [--no-as-needed] ==> ignore
    arg [/usr/lib/gcc/i586-suse-linux/4.5/crtend.o] ==> ignore
    arg [/usr/lib/gcc/i586-suse-linux/4.5/../../../crtn.o] ==> ignore
  remove lib [gcc]
  remove lib [gcc_s]
  remove lib [gcc]
  remove lib [gcc_s]
  collapse dir [/usr/lib/gcc/i586-suse-linux/4.5] ==> [/usr/lib/gcc/i586-suse-linux/4.5]
  collapse dir [/usr/lib/gcc/i586-suse-linux/4.5/../../../../i586-suse-linux/lib] ==> [/usr/i586-suse-linux/lib]
  collapse dir [/usr/lib/gcc/i586-suse-linux/4.5/../../..] ==> [/usr/lib]
  implicit libs: [c]
  implicit dirs: [/usr/lib/gcc/i586-suse-linux/4.5;/usr/i586-suse-linux/lib;/usr/lib]


Determining if the CXX compiler works passed with the following output:
Change Dir: /home/karel/ros/ar_drone2/CMakeFiles/CMakeTmp

Run Build Command:/usr/bin/gmake "cmTryCompileExec/fast"
gmake[1]: Entering directory `/home/karel/ros/ar_drone2/CMakeFiles/CMakeTmp'
/usr/bin/gmake -f CMakeFiles/cmTryCompileExec.dir/build.make CMakeFiles/cmTryCompileExec.dir/build
gmake[2]: Entering directory `/home/karel/ros/ar_drone2/CMakeFiles/CMakeTmp'
/usr/bin/cmake -E cmake_progress_report /home/karel/ros/ar_drone2/CMakeFiles/CMakeTmp/CMakeFiles 1
Building CXX object CMakeFiles/cmTryCompileExec.dir/testCXXCompiler.cxx.o
/usr/bin/c++     -o CMakeFiles/cmTryCompileExec.dir/testCXXCompiler.cxx.o -c /home/karel/ros/ar_drone2/CMakeFiles/CMakeTmp/testCXXCompiler.cxx
Linking CXX executable cmTryCompileExec
/usr/bin/cmake -E cmake_link_script CMakeFiles/cmTryCompileExec.dir/link.txt --verbose=1
/usr/bin/c++         CMakeFiles/cmTryCompileExec.dir/testCXXCompiler.cxx.o  -o cmTryCompileExec -rdynamic 
gmake[2]: Leaving directory `/home/karel/ros/ar_drone2/CMakeFiles/CMakeTmp'
gmake[1]: Leaving directory `/home/karel/ros/ar_drone2/CMakeFiles/CMakeTmp'


Detecting CXX compiler ABI info compiled with the following output:
Change Dir: /home/karel/ros/ar_drone2/CMakeFiles/CMakeTmp

Run Build Command:/usr/bin/gmake "cmTryCompileExec/fast"
gmake[1]: Entering directory `/home/karel/ros/ar_drone2/CMakeFiles/CMakeTmp'
/usr/bin/gmake -f CMakeFiles/cmTryCompileExec.dir/build.make CMakeFiles/cmTryCompileExec.dir/build
gmake[2]: Entering directory `/home/karel/ros/ar_drone2/CMakeFiles/CMakeTmp'
/usr/bin/cmake -E cmake_progress_report /home/karel/ros/ar_drone2/CMakeFiles/CMakeTmp/CMakeFiles 1
Building CXX object CMakeFiles/cmTryCompileExec.dir/CMakeCXXCompilerABI.cpp.o
/usr/bin/c++     -o CMakeFiles/cmTryCompileExec.dir/CMakeCXXCompilerABI.cpp.o -c /usr/share/cmake/Modules/CMakeCXXCompilerABI.cpp
Linking CXX executable cmTryCompileExec
/usr/bin/cmake -E cmake_link_script CMakeFiles/cmTryCompileExec.dir/link.txt --verbose=1
/usr/bin/c++        -v CMakeFiles/cmTryCompileExec.dir/CMakeCXXCompilerABI.cpp.o  -o cmTryCompileExec -rdynamic  
Using built-in specs.
COLLECT_GCC=/usr/bin/c++
COLLECT_LTO_WRAPPER=/usr/lib/gcc/i586-suse-linux/4.5/lto-wrapper
Target: i586-suse-linux
Configured with: ../configure --prefix=/usr --infodir=/usr/share/info --mandir=/usr/share/man --libdir=/usr/lib --libexecdir=/usr/lib --enable-languages=c,c++,objc,fortran,obj-c++,java,ada --enable-checking=release --with-gxx-include-dir=/usr/include/c++/4.5 --enable-ssp --disable-libssp --disable-plugin --with-bugurl=http://bugs.opensuse.org/ --with-pkgversion='SUSE Linux' --disable-libgcj --disable-libmudflap --with-slibdir=/lib --with-system-zlib --enable-__cxa_atexit --enable-libstdcxx-allocator=new --disable-libstdcxx-pch --enable-version-specific-runtime-libs --program-suffix=-4.5 --enable-linux-futex --without-system-libunwind --enable-gold --with-plugin-ld=/usr/bin/gold --with-arch-32=i586 --with-tune=generic --build=i586-suse-linux
Thread model: posix
gcc version 4.5.0 20100604 [gcc-4_5-branch revision 160292] (SUSE Linux) 
COMPILER_PATH=/usr/lib/gcc/i586-suse-linux/4.5/:/usr/lib/gcc/i586-suse-linux/4.5/:/usr/lib/gcc/i586-suse-linux/:/usr/lib/gcc/i586-suse-linux/4.5/:/usr/lib/gcc/i586-suse-linux/:/usr/lib/gcc/i586-suse-linux/4.5/../../../../i586-suse-linux/bin/
LIBRARY_PATH=/usr/lib/gcc/i586-suse-linux/4.5/:/usr/lib/gcc/i586-suse-linux/4.5/../../../../i586-suse-linux/lib/:/usr/lib/gcc/i586-suse-linux/4.5/../../../:/lib/:/usr/lib/
COLLECT_GCC_OPTIONS='-v' '-o' 'cmTryCompileExec' '-rdynamic' '-shared-libgcc' '-mtune=generic' '-march=i586'
 /usr/lib/gcc/i586-suse-linux/4.5/collect2 --build-id --eh-frame-hdr -m elf_i386 -export-dynamic -dynamic-linker /lib/ld-linux.so.2 -o cmTryCompileExec /usr/lib/gcc/i586-suse-linux/4.5/../../../crt1.o /usr/lib/gcc/i586-suse-linux/4.5/../../../crti.o /usr/lib/gcc/i586-suse-linux/4.5/crtbegin.o -L/usr/lib/gcc/i586-suse-linux/4.5 -L/usr/lib/gcc/i586-suse-linux/4.5/../../../../i586-suse-linux/lib -L/usr/lib/gcc/i586-suse-linux/4.5/../../.. CMakeFiles/cmTryCompileExec.dir/CMakeCXXCompilerABI.cpp.o -lstdc++ -lm -lgcc_s -lgcc -lc -lgcc_s -lgcc /usr/lib/gcc/i586-suse-linux/4.5/crtend.o /usr/lib/gcc/i586-suse-linux/4.5/../../../crtn.o
gmake[2]: Leaving directory `/home/karel/ros/ar_drone2/CMakeFiles/CMakeTmp'
gmake[1]: Leaving directory `/home/karel/ros/ar_drone2/CMakeFiles/CMakeTmp'


Parsed CXX implicit link information from above output:
  link line regex: [^( *|.*[/\])(ld|ld|collect2)[^/\]*( |$)]
  ignore line: [Change Dir: /home/karel/ros/ar_drone2/CMakeFiles/CMakeTmp]
  ignore line: []
  ignore line: [Run Build Command:/usr/bin/gmake "cmTryCompileExec/fast"]
  ignore line: [gmake[1]: Entering directory `/home/karel/ros/ar_drone2/CMakeFiles/CMakeTmp']
  ignore line: [/usr/bin/gmake -f CMakeFiles/cmTryCompileExec.dir/build.make CMakeFiles/cmTryCompileExec.dir/build]
  ignore line: [gmake[2]: Entering directory `/home/karel/ros/ar_drone2/CMakeFiles/CMakeTmp']
  ignore line: [/usr/bin/cmake -E cmake_progress_report /home/karel/ros/ar_drone2/CMakeFiles/CMakeTmp/CMakeFiles 1]
  ignore line: [Building CXX object CMakeFiles/cmTryCompileExec.dir/CMakeCXXCompilerABI.cpp.o]
  ignore line: [/usr/bin/c++     -o CMakeFiles/cmTryCompileExec.dir/CMakeCXXCompilerABI.cpp.o -c /usr/share/cmake/Modules/CMakeCXXCompilerABI.cpp]
  ignore line: [Linking CXX executable cmTryCompileExec]
  ignore line: [/usr/bin/cmake -E cmake_link_script CMakeFiles/cmTryCompileExec.dir/link.txt --verbose=1]
  ignore line: [/usr/bin/c++        -v CMakeFiles/cmTryCompileExec.dir/CMakeCXXCompilerABI.cpp.o  -o cmTryCompileExec -rdynamic  ]
  ignore line: [Using built-in specs.]
  ignore line: [COLLECT_GCC=/usr/bin/c++]
  ignore line: [COLLECT_LTO_WRAPPER=/usr/lib/gcc/i586-suse-linux/4.5/lto-wrapper]
  ignore line: [Target: i586-suse-linux]
  ignore line: [Configured with: ../configure --prefix=/usr --infodir=/usr/share/info --mandir=/usr/share/man --libdir=/usr/lib --libexecdir=/usr/lib --enable-languages=c,c++,objc,fortran,obj-c++,java,ada --enable-checking=release --with-gxx-include-dir=/usr/include/c++/4.5 --enable-ssp --disable-libssp --disable-plugin --with-bugurl=http://bugs.opensuse.org/ --with-pkgversion='SUSE Linux' --disable-libgcj --disable-libmudflap --with-slibdir=/lib --with-system-zlib --enable-__cxa_atexit --enable-libstdcxx-allocator=new --disable-libstdcxx-pch --enable-version-specific-runtime-libs --program-suffix=-4.5 --enable-linux-futex --without-system-libunwind --enable-gold --with-plugin-ld=/usr/bin/gold --with-arch-32=i586 --with-tune=generic --build=i586-suse-linux]
  ignore line: [Thread model: posix]
  ignore line: [gcc version 4.5.0 20100604 [gcc-4_5-branch revision 160292] (SUSE Linux) ]
  ignore line: [COMPILER_PATH=/usr/lib/gcc/i586-suse-linux/4.5/:/usr/lib/gcc/i586-suse-linux/4.5/:/usr/lib/gcc/i586-suse-linux/:/usr/lib/gcc/i586-suse-linux/4.5/:/usr/lib/gcc/i586-suse-linux/:/usr/lib/gcc/i586-suse-linux/4.5/../../../../i586-suse-linux/bin/]
  ignore line: [LIBRARY_PATH=/usr/lib/gcc/i586-suse-linux/4.5/:/usr/lib/gcc/i586-suse-linux/4.5/../../../../i586-suse-linux/lib/:/usr/lib/gcc/i586-suse-linux/4.5/../../../:/lib/:/usr/lib/]
  ignore line: [COLLECT_GCC_OPTIONS='-v' '-o' 'cmTryCompileExec' '-rdynamic' '-shared-libgcc' '-mtune=generic' '-march=i586']
  link line: [ /usr/lib/gcc/i586-suse-linux/4.5/collect2 --build-id --eh-frame-hdr -m elf_i386 -export-dynamic -dynamic-linker /lib/ld-linux.so.2 -o cmTryCompileExec /usr/lib/gcc/i586-suse-linux/4.5/../../../crt1.o /usr/lib/gcc/i586-suse-linux/4.5/../../../crti.o /usr/lib/gcc/i586-suse-linux/4.5/crtbegin.o -L/usr/lib/gcc/i586-suse-linux/4.5 -L/usr/lib/gcc/i586-suse-linux/4.5/../../../../i586-suse-linux/lib -L/usr/lib/gcc/i586-suse-linux/4.5/../../.. CMakeFiles/cmTryCompileExec.dir/CMakeCXXCompilerABI.cpp.o -lstdc++ -lm -lgcc_s -lgcc -lc -lgcc_s -lgcc /usr/lib/gcc/i586-suse-linux/4.5/crtend.o /usr/lib/gcc/i586-suse-linux/4.5/../../../crtn.o]
    arg [/usr/lib/gcc/i586-suse-linux/4.5/collect2] ==> ignore
    arg [--build-id] ==> ignore
    arg [--eh-frame-hdr] ==> ignore
    arg [-m] ==> ignore
    arg [elf_i386] ==> ignore
    arg [-export-dynamic] ==> ignore
    arg [-dynamic-linker] ==> ignore
    arg [/lib/ld-linux.so.2] ==> ignore
    arg [-o] ==> ignore
    arg [cmTryCompileExec] ==> ignore
    arg [/usr/lib/gcc/i586-suse-linux/4.5/../../../crt1.o] ==> ignore
    arg [/usr/lib/gcc/i586-suse-linux/4.5/../../../crti.o] ==> ignore
    arg [/usr/lib/gcc/i586-suse-linux/4.5/crtbegin.o] ==> ignore
    arg [-L/usr/lib/gcc/i586-suse-linux/4.5] ==> dir [/usr/lib/gcc/i586-suse-linux/4.5]
    arg [-L/usr/lib/gcc/i586-suse-linux/4.5/../../../../i586-suse-linux/lib] ==> dir [/usr/lib/gcc/i586-suse-linux/4.5/../../../../i586-suse-linux/lib]
    arg [-L/usr/lib/gcc/i586-suse-linux/4.5/../../..] ==> dir [/usr/lib/gcc/i586-suse-linux/4.5/../../..]
    arg [CMakeFiles/cmTryCompileExec.dir/CMakeCXXCompilerABI.cpp.o] ==> ignore
    arg [-lstdc++] ==> lib [stdc++]
    arg [-lm] ==> lib [m]
    arg [-lgcc_s] ==> lib [gcc_s]
    arg [-lgcc] ==> lib [gcc]
    arg [-lc] ==> lib [c]
    arg [-lgcc_s] ==> lib [gcc_s]
    arg [-lgcc] ==> lib [gcc]
    arg [/usr/lib/gcc/i586-suse-linux/4.5/crtend.o] ==> ignore
    arg [/usr/lib/gcc/i586-suse-linux/4.5/../../../crtn.o] ==> ignore
  remove lib [gcc_s]
  remove lib [gcc]
  remove lib [gcc_s]
  remove lib [gcc]
  collapse dir [/usr/lib/gcc/i586-suse-linux/4.5] ==> [/usr/lib/gcc/i586-suse-linux/4.5]
  collapse dir [/usr/lib/gcc/i586-suse-linux/4.5/../../../../i586-suse-linux/lib] ==> [/usr/i586-suse-linux/lib]
  collapse dir [/usr/lib/gcc/i586-suse-linux/4.5/../../..] ==> [/usr/lib]
  implicit libs: [stdc++;m;c]
  implicit dirs: [/usr/lib/gcc/i586-suse-linux/4.5;/usr/i586-suse-linux/lib;/usr/lib]


The system is: Linux - 4.4.0-24-generic - x86_64
Compiling the C compiler identification source file "CMakeCCompilerId.c" succeeded.
Compiler: /usr/bin/gcc 
Build flags: 
Id flags: 

The output was:
0


Compilation of the C compiler identification source "CMakeCCompilerId.c" produced "a.out"

The C compiler identification is GNU, found in "/home/yupeng/ros/ar_drone2/CMakeFiles/3.5.1/CompilerIdC/a.out"

Compiling the CXX compiler identification source file "CMakeCXXCompilerId.cpp" succeeded.
Compiler: /usr/bin/c++ 
Build flags: 
Id flags: 

The output was:
0


Compilation of the CXX compiler identification source "CMakeCXXCompilerId.cpp" produced "a.out"

The CXX compiler identification is GNU, found in "/home/yupeng/ros/ar_drone2/CMakeFiles/3.5.1/CompilerIdCXX/a.out"

Detecting C compiler ABI info compiled with the following output:
Change Dir: /home/yupeng/ros/ar_drone2/CMakeFiles/CMakeTmp

Run Build Command:"/usr/bin/gmake" "cmTC_ac3f0/fast"
gmake[1]: Entering directory '/home/yupeng/ros/ar_drone2/CMakeFiles/CMakeTmp'
/usr/bin/gmake -f CMakeFiles/cmTC_ac3f0.dir/build.make CMakeFiles/cmTC_ac3f0.dir/build
gmake[2]: Entering directory '/home/yupeng/ros/ar_drone2/CMakeFiles/CMakeTmp'
Building C object CMakeFiles/cmTC_ac3f0.dir/CMakeCCompilerABI.c.o
/usr/bin/gcc     -o CMakeFiles/cmTC_ac3f0.dir/CMakeCCompilerABI.c.o   -c /usr/share/cmake-3.5/Modules/CMakeCCompilerABI.c
Linking C executable cmTC_ac3f0
/usr/bin/cmake -E cmake_link_script CMakeFiles/cmTC_ac3f0.dir/link.txt --verbose=1
/usr/bin/gcc      -v CMakeFiles/cmTC_ac3f0.dir/CMakeCCompilerABI.c.o  -o cmTC_ac3f0 -rdynamic  
Using built-in specs.
COLLECT_GCC=/usr/bin/gcc
COLLECT_LTO_WRAPPER=/usr/lib/gcc/x86_64-linux-gnu/5/lto-wrapper
Target: x86_64-linux-gnu
Configured with: ../src/configure -v --with-pkgversion='Ubuntu 5.3.1-14ubuntu2.1' --with-bugurl=file:///usr/share/doc/gcc-5/README.Bugs --enable-languages=c,ada,c++,java,go,d,fortran,objc,obj-c++ --prefix=/usr --program-suffix=-5 --enable-shared --enable-linker-build-id --libexecdir=/usr/lib --without-included-gettext --enable-threads=posix --libdir=/usr/lib --enable-nls --with-sysroot=/ --enable-clocale=gnu --enable-libstdcxx-debug --enable-libstdcxx-time=yes --with-default-libstdcxx-abi=new --enable-gnu-unique-object --disable-vtable-verify --enable-libmpx --enable-plugin --with-system-zlib --disable-browser-plugin --enable-java-awt=gtk --enable-gtk-cairo --with-java-home=/usr/lib/jvm/java-1.5.0-gcj-5-amd64/jre --enable-java-home --with-jvm-root-dir=/usr/lib/jvm/java-1.5.0-gcj-5-amd64 --with-jvm-jar-dir=/usr/lib/jvm-exports/java-1.5.0-gcj-5-amd64 --with-arch-directory=amd64 --with-ecj-jar=/usr/share/java/eclipse-ecj.jar --enable-objc-gc --enable-multiarch --disable-werror --with-arch-32=i686 --with-abi=m64 --with-multilib-list=m32,m64,mx32 --enable-multilib --with-tune=generic --enable-checking=release --build=x86_64-linux-gnu --host=x86_64-linux-gnu --target=x86_64-linux-gnu
Thread model: posix
gcc version 5.3.1 20160413 (Ubuntu 5.3.1-14ubuntu2.1) 
COMPILER_PATH=/usr/lib/gcc/x86_64-linux-gnu/5/:/usr/lib/gcc/x86_64-linux-gnu/5/:/usr/lib/gcc/x86_64-linux-gnu/:/usr/lib/gcc/x86_64-linux-gnu/5/:/usr/lib/gcc/x86_64-linux-gnu/
LIBRARY_PATH=/usr/lib/gcc/x86_64-linux-gnu/5/:/usr/lib/gcc/x86_64-linux-gnu/5/../../../x86_64-linux-gnu/:/usr/lib/gcc/x86_64-linux-gnu/5/../../../../lib/:/lib/x86_64-linux-gnu/:/lib/../lib/:/usr/lib/x86_64-linux-gnu/:/usr/lib/../lib/:/usr/lib/gcc/x86_64-linux-gnu/5/../../../:/lib/:/usr/lib/
COLLECT_GCC_OPTIONS='-v' '-o' 'cmTC_ac3f0' '-rdynamic' '-mtune=generic' '-march=x86-64'
 /usr/lib/gcc/x86_64-linux-gnu/5/collect2 -plugin /usr/lib/gcc/x86_64-linux-gnu/5/liblto_plugin.so -plugin-opt=/usr/lib/gcc/x86_64-linux-gnu/5/lto-wrapper -plugin-opt=-fresolution=/tmp/ccj62dif.res -plugin-opt=-pass-through=-lgcc -plugin-opt=-pass-through=-lgcc_s -plugin-opt=-pass-through=-lc -plugin-opt=-pass-through=-lgcc -plugin-opt=-pass-through=-lgcc_s --sysroot=/ --build-id --eh-frame-hdr -m elf_x86_64 --hash-style=gnu --as-needed -export-dynamic -dynamic-linker /lib64/ld-linux-x86-64.so.2 -z relro -o cmTC_ac3f0 /usr/lib/gcc/x86_64-linux-gnu/5/../../../x86_64-linux-gnu/crt1.o /usr/lib/gcc/x86_64-linux-gnu/5/../../../x86_64-linux-gnu/crti.o /usr/lib/gcc/x86_64-linux-gnu/5/crtbegin.o -L/usr/lib/gcc/x86_64-linux-gnu/5 -L/usr/lib/gcc/x86_64-linux-gnu/5/../../../x86_64-linux-gnu -L/usr/lib/gcc/x86_64-linux-gnu/5/../../../../lib -L/lib/x86_64-linux-gnu -L/lib/../lib -L/usr/lib/x86_64-linux-gnu -L/usr/lib/../lib -L/usr/lib/gcc/x86_64-linux-gnu/5/../../.. CMakeFiles/cmTC_ac3f0.dir/CMakeCCompilerABI.c.o -lgcc --as-needed -lgcc_s --no-as-needed -lc -lgcc --as-needed -lgcc_s --no-as-needed /usr/lib/gcc/x86_64-linux-gnu/5/crtend.o /usr/lib/gcc/x86_64-linux-gnu/5/../../../x86_64-linux-gnu/crtn.o
gmake[2]: Leaving directory '/home/yupeng/ros/ar_drone2/CMakeFiles/CMakeTmp'
gmake[1]: Leaving directory '/home/yupeng/ros/ar_drone2/CMakeFiles/CMakeTmp'


Parsed C implicit link information from above output:
  link line regex: [^( *|.*[/\])(ld|([^/\]+-)?ld|collect2)[^/\]*( |$)]
  ignore line: [Change Dir: /home/yupeng/ros/ar_drone2/CMakeFiles/CMakeTmp]
  ignore line: []
  ignore line: [Run Build Command:"/usr/bin/gmake" "cmTC_ac3f0/fast"]
  ignore line: [gmake[1]: Entering directory '/home/yupeng/ros/ar_drone2/CMakeFiles/CMakeTmp']
  ignore line: [/usr/bin/gmake -f CMakeFiles/cmTC_ac3f0.dir/build.make CMakeFiles/cmTC_ac3f0.dir/build]
  ignore line: [gmake[2]: Entering directory '/home/yupeng/ros/ar_drone2/CMakeFiles/CMakeTmp']
  ignore line: [Building C object CMakeFiles/cmTC_ac3f0.dir/CMakeCCompilerABI.c.o]
  ignore line: [/usr/bin/gcc     -o CMakeFiles/cmTC_ac3f0.dir/CMakeCCompilerABI.c.o   -c /usr/share/cmake-3.5/Modules/CMakeCCompilerABI.c]
  ignore line: [Linking C executable cmTC_ac3f0]
  ignore line: [/usr/bin/cmake -E cmake_link_script CMakeFiles/cmTC_ac3f0.dir/link.txt --verbose=1]
  ignore line: [/usr/bin/gcc      -v CMakeFiles/cmTC_ac3f0.dir/CMakeCCompilerABI.c.o  -o cmTC_ac3f0 -rdynamic  ]
  ignore line: [Using built-in specs.]
  ignore line: [COLLECT_GCC=/usr/bin/gcc]
  ignore line: [COLLECT_LTO_WRAPPER=/usr/lib/gcc/x86_64-linux-gnu/5/lto-wrapper]
  ignore line: [Target: x86_64-linux-gnu]
  ignore line: [Configured with: ../src/configure -v --with-pkgversion='Ubuntu 5.3.1-14ubuntu2.1' --with-bugurl=file:///usr/share/doc/gcc-5/README.Bugs --enable-languages=c,ada,c++,java,go,d,fortran,objc,obj-c++ --prefix=/usr --program-suffix=-5 --enable-shared --enable-linker-build-id --libexecdir=/usr/lib --without-included-gettext --enable-threads=posix --libdir=/usr/lib --enable-nls --with-sysroot=/ --enable-clocale=gnu --enable-libstdcxx-debug --enable-libstdcxx-time=yes --with-default-libstdcxx-abi=new --enable-gnu-unique-object --disable-vtable-verify --enable-libmpx --enable-plugin --with-system-zlib --disable-browser-plugin --enable-java-awt=gtk --enable-gtk-cairo --with-java-home=/usr/lib/jvm/java-1.5.0-gcj-5-amd64/jre --enable-java-home --with-jvm-root-dir=/usr/lib/jvm/java-1.5.0-gcj-5-amd64 --with-jvm-jar-dir=/usr/lib/jvm-exports/java-1.5.0-gcj-5-amd64 --with-arch-directory=amd64 --with-ecj-jar=/usr/share/java/eclipse-ecj.jar --enable-objc-gc --enable-multiarch --disable-werror --with-arch-32=i686 --with-abi=m64 --with-multilib-list=m32,m64,mx32 --enable-multilib --with-tune=generic --enable-checking=release --build=x86_64-linux-gnu --host=x86_64-linux-gnu --target=x86_64-linux-gnu]
  ignore line: [Thread model: posix]
  ignore line: [gcc version 5.3.1 20160413 (Ubuntu 5.3.1-14ubuntu2.1) ]
  ignore line: [COMPILER_PATH=/usr/lib/gcc/x86_64-linux-gnu/5/:/usr/lib/gcc/x86_64-linux-gnu/5/:/usr/lib/gcc/x86_64-linux-gnu/:/usr/lib/gcc/x86_64-linux-gnu/5/:/usr/lib/gcc/x86_64-linux-gnu/]
  ignore line: [LIBRARY_PATH=/usr/lib/gcc/x86_64-linux-gnu/5/:/usr/lib/gcc/x86_64-linux-gnu/5/../../../x86_64-linux-gnu/:/usr/lib/gcc/x86_64-linux-gnu/5/../../../../lib/:/lib/x86_64-linux-gnu/:/lib/../lib/:/usr/lib/x86_64-linux-gnu/:/usr/lib/../lib/:/usr/lib/gcc/x86_64-linux-gnu/5/../../../:/lib/:/usr/lib/]
  ignore line: [COLLECT_GCC_OPTIONS='-v' '-o' 'cmTC_ac3f0' '-rdynamic' '-mtune=generic' '-march=x86-64']
  link line: [ /usr/lib/gcc/x86_64-linux-gnu/5/collect2 -plugin /usr/lib/gcc/x86_64-linux-gnu/5/liblto_plugin.so -plugin-opt=/usr/lib/gcc/x86_64-linux-gnu/5/lto-wrapper -plugin-opt=-fresolution=/tmp/ccj62dif.res -plugin-opt=-pass-through=-lgcc -plugin-opt=-pass-through=-lgcc_s -plugin-opt=-pass-through=-lc -plugin-opt=-pass-through=-lgcc -plugin-opt=-pass-through=-lgcc_s --sysroot=/ --build-id --eh-frame-hdr -m elf_x86_64 --hash-style=gnu --as-needed -export-dynamic -dynamic-linker /lib64/ld-linux-x86-64.so.2 -z relro -o cmTC_ac3f0 /usr/lib/gcc/x86_64-linux-gnu/5/../../../x86_64-linux-gnu/crt1.o /usr/lib/gcc/x86_64-linux-gnu/5/../../../x86_64-linux-gnu/crti.o /usr/lib/gcc/x86_64-linux-gnu/5/crtbegin.o -L/usr/lib/gcc/x86_64-linux-gnu/5 -L/usr/lib/gcc/x86_64-linux-gnu/5/../../../x86_64-linux-gnu -L/usr/lib/gcc/x86_64-linux-gnu/5/../../../../lib -L/lib/x86_64-linux-gnu -L/lib/../lib -L/usr/lib/x86_64-linux-gnu -L/usr/lib/../lib -L/usr/lib/gcc/x86_64-linux-gnu/5/../../.. CMakeFiles/cmTC_ac3f0.dir/CMakeCCompilerABI.c.o -lgcc --as-needed -lgcc_s --no-as-needed -lc -lgcc --as-needed -lgcc_s --no-as-needed /usr/lib/gcc/x86_64-linux-gnu/5/crtend.o /usr/lib/gcc/x86_64-linux-gnu/5/../../../x86_64-linux-gnu/crtn.o]
    arg [/usr/lib/gcc/x86_64-linux-gnu/5/collect2] ==> ignore
    arg [-plugin] ==> ignore
    arg [/usr/lib/gcc/x86_64-linux-gnu/5/liblto_plugin.so] ==> ignore
    arg [-plugin-opt=/usr/lib/gcc/x86_64-linux-gnu/5/lto-wrapper] ==> ignore
    arg [-plugin-opt=-fresolution=/tmp/ccj62dif.res] ==> ignore
    arg [-plugin-opt=-pass-through=-lgcc] ==> ignore
    arg [-plugin-opt=-pass-through=-lgcc_s] ==> ignore
    arg [-plugin-opt=-pass-through=-lc] ==> ignore
    arg [-plugin-opt=-pass-through=-lgcc] ==> ignore
    arg [-plugin-opt=-pass-through=-lgcc_s] ==> ignore
    arg [--sysroot=/] ==> ignore
    arg [--build-id] ==> ignore
    arg [--eh-frame-hdr] ==> ignore
    arg [-m] ==> ignore
    arg [elf_x86_64] ==> ignore
    arg [--hash-style=gnu] ==> ignore
    arg [--as-needed] ==> ignore
    arg [-export-dynamic] ==> ignore
    arg [-dynamic-linker] ==> ignore
    arg [/lib64/ld-linux-x86-64.so.2] ==> ignore
    arg [-zrelro] ==> ignore
    arg [-o] ==> ignore
    arg [cmTC_ac3f0] ==> ignore
    arg [/usr/lib/gcc/x86_64-linux-gnu/5/../../../x86_64-linux-gnu/crt1.o] ==> ignore
    arg [/usr/lib/gcc/x86_64-linux-gnu/5/../../../x86_64-linux-gnu/crti.o] ==> ignore
    arg [/usr/lib/gcc/x86_64-linux-gnu/5/crtbegin.o] ==> ignore
    arg [-L/usr/lib/gcc/x86_64-linux-gnu/5] ==> dir [/usr/lib/gcc/x86_64-linux-gnu/5]
    arg [-L/usr/lib/gcc/x86_64-linux-gnu/5/../../../x86_64-linux-gnu] ==> dir [/usr/lib/gcc/x86_64-linux-gnu/5/../../../x86_64-linux-gnu]
    arg [-L/usr/lib/gcc/x86_64-linux-gnu/5/../../../../lib] ==> dir [/usr/lib/gcc/x86_64-linux-gnu/5/../../../../lib]
    arg [-L/lib/x86_64-linux-gnu] ==> dir [/lib/x86_64-linux-gnu]
    arg [-L/lib/../lib] ==> dir [/lib/../lib]
    arg [-L/usr/lib/x86_64-linux-gnu] ==> dir [/usr/lib/x86_64-linux-gnu]
    arg [-L/usr/lib/../lib] ==> dir [/usr/lib/../lib]
    arg [-L/usr/lib/gcc/x86_64-linux-gnu/5/../../..] ==> dir [/usr/lib/gcc/x86_64-linux-gnu/5/../../..]
    arg [CMakeFiles/cmTC_ac3f0.dir/CMakeCCompilerABI.c.o] ==> ignore
    arg [-lgcc] ==> lib [gcc]
    arg [--as-needed] ==> ignore
    arg [-lgcc_s] ==> lib [gcc_s]
    arg [--no-as-needed] ==> ignore
    arg [-lc] ==> lib [c]
    arg [-lgcc] ==> lib [gcc]
    arg [--as-needed] ==> ignore
    arg [-lgcc_s] ==> lib [gcc_s]
    arg [--no-as-needed] ==> ignore
    arg [/usr/lib/gcc/x86_64-linux-gnu/5/crtend.o] ==> ignore
    arg [/usr/lib/gcc/x86_64-linux-gnu/5/../../../x86_64-linux-gnu/crtn.o] ==> ignore
  remove lib [gcc]
  remove lib [gcc_s]
  remove lib [gcc]
  remove lib [gcc_s]
  collapse library dir [/usr/lib/gcc/x86_64-linux-gnu/5] ==> [/usr/lib/gcc/x86_64-linux-gnu/5]
  collapse library dir [/usr/lib/gcc/x86_64-linux-gnu/5/../../../x86_64-linux-gnu] ==> [/usr/lib/x86_64-linux-gnu]
  collapse library dir [/usr/lib/gcc/x86_64-linux-gnu/5/../../../../lib] ==> [/usr/lib]
  collapse library dir [/lib/x86_64-linux-gnu] ==> [/lib/x86_64-linux-gnu]
  collapse library dir [/lib/../lib] ==> [/lib]
  collapse library dir [/usr/lib/x86_64-linux-gnu] ==> [/usr/lib/x86_64-linux-gnu]
  collapse library dir [/usr/lib/../lib] ==> [/usr/lib]
  collapse library dir [/usr/lib/gcc/x86_64-linux-gnu/5/../../..] ==> [/usr/lib]
  implicit libs: [c]
  implicit dirs: [/usr/lib/gcc/x86_64-linux-gnu/5;/usr/lib/x86_64-linux-gnu;/usr/lib;/lib/x86_64-linux-gnu;/lib]
  implicit fwks: []




Detecting C [-std=c11] compiler features compiled with the following output:
Change Dir: /home/yupeng/ros/ar_drone2/CMakeFiles/CMakeTmp

Run Build Command:"/usr/bin/gmake" "cmTC_3d513/fast"
gmake[1]: Entering directory '/home/yupeng/ros/ar_drone2/CMakeFiles/CMakeTmp'
/usr/bin/gmake -f CMakeFiles/cmTC_3d513.dir/build.make CMakeFiles/cmTC_3d513.dir/build
gmake[2]: Entering directory '/home/yupeng/ros/ar_drone2/CMakeFiles/CMakeTmp'
Building C object CMakeFiles/cmTC_3d513.dir/feature_tests.c.o
/usr/bin/gcc    -std=c11 -o CMakeFiles/cmTC_3d513.dir/feature_tests.c.o   -c /home/yupeng/ros/ar_drone2/CMakeFiles/feature_tests.c
Linking C executable cmTC_3d513
/usr/bin/cmake -E cmake_link_script CMakeFiles/cmTC_3d513.dir/link.txt --verbose=1
/usr/bin/gcc       CMakeFiles/cmTC_3d513.dir/feature_tests.c.o  -o cmTC_3d513 -rdynamic 
gmake[2]: Leaving directory '/home/yupeng/ros/ar_drone2/CMakeFiles/CMakeTmp'
gmake[1]: Leaving directory '/home/yupeng/ros/ar_drone2/CMakeFiles/CMakeTmp'


    Feature record: C_FEATURE:1c_function_prototypes
    Feature record: C_FEATURE:1c_restrict
    Feature record: C_FEATURE:1c_static_assert
    Feature record: C_FEATURE:1c_variadic_macros


Detecting C [-std=c99] compiler features compiled with the following output:
Change Dir: /home/yupeng/ros/ar_drone2/CMakeFiles/CMakeTmp

Run Build Command:"/usr/bin/gmake" "cmTC_4fb48/fast"
gmake[1]: Entering directory '/home/yupeng/ros/ar_drone2/CMakeFiles/CMakeTmp'
/usr/bin/gmake -f CMakeFiles/cmTC_4fb48.dir/build.make CMakeFiles/cmTC_4fb48.dir/build
gmake[2]: Entering directory '/home/yupeng/ros/ar_drone2/CMakeFiles/CMakeTmp'
Building C object CMakeFiles/cmTC_4fb48.dir/feature_tests.c.o
/usr/bin/gcc    -std=c99 -o CMakeFiles/cmTC_4fb48.dir/feature_tests.c.o   -c /home/yupeng/ros/ar_drone2/CMakeFiles/feature_tests.c
Linking C executable cmTC_4fb48
/usr/bin/cmake -E cmake_link_script CMakeFiles/cmTC_4fb48.dir/link.txt --verbose=1
/usr/bin/gcc       CMakeFiles/cmTC_4fb48.dir/feature_tests.c.o  -o cmTC_4fb48 -rdynamic 
gmake[2]: Leaving directory '/home/yupeng/ros/ar_drone2/CMakeFiles/CMakeTmp'
gmake[1]: Leaving directory '/home/yupeng/ros/ar_drone2/CMakeFiles/CMakeTmp'


    Feature record: C_FEATURE:1c_function_prototypes
    Feature record: C_FEATURE:1c_restrict
    Feature record: C_FEATURE:0c_static_assert
    Feature record: C_FEATURE:1c_variadic_macros


Detecting C [-std=c90] compiler features compiled with the following output:
Change Dir: /home/yupeng/ros/ar_drone2/CMakeFiles/CMakeTmp

Run Build Command:"/usr/bin/gmake" "cmTC_1492f/fast"
gmake[1]: Entering directory '/home/yupeng/ros/ar_drone2/CMakeFiles/CMakeTmp'
/usr/bin/gmake -f CMakeFiles/cmTC_1492f.dir/build.make CMakeFiles/cmTC_1492f.dir/build
gmake[2]: Entering directory '/home/yupeng/ros/ar_drone2/CMakeFiles/CMakeTmp'
Building C object CMakeFiles/cmTC_1492f.dir/feature_tests.c.o
/usr/bin/gcc    -std=c90 -o CMakeFiles/cmTC_1492f.dir/feature_tests.c.o   -c /home/yupeng/ros/ar_drone2/CMakeFiles/feature_tests.c
Linking C executable cmTC_1492f
/usr/bin/cmake -E cmake_link_script CMakeFiles/cmTC_1492f.dir/link.txt --verbose=1
/usr/bin/gcc       CMakeFiles/cmTC_1492f.dir/feature_tests.c.o  -o cmTC_1492f -rdynamic 
gmake[2]: Leaving directory '/home/yupeng/ros/ar_drone2/CMakeFiles/CMakeTmp'
gmake[1]: Leaving directory '/home/yupeng/ros/ar_drone2/CMakeFiles/CMakeTmp'


    Feature record: C_FEATURE:1c_function_prototypes
    Feature record: C_FEATURE:0c_restrict
    Feature record: C_FEATURE:0c_static_assert
    Feature record: C_FEATURE:0c_variadic_macros
Detecting CXX compiler ABI info compiled with the following output:
Change Dir: /home/yupeng/ros/ar_drone2/CMakeFiles/CMakeTmp

Run Build Command:"/usr/bin/gmake" "cmTC_fc621/fast"
gmake[1]: Entering directory '/home/yupeng/ros/ar_drone2/CMakeFiles/CMakeTmp'
/usr/bin/gmake -f CMakeFiles/cmTC_fc621.dir/build.make CMakeFiles/cmTC_fc621.dir/build
gmake[2]: Entering directory '/home/yupeng/ros/ar_drone2/CMakeFiles/CMakeTmp'
Building CXX object CMakeFiles/cmTC_fc621.dir/CMakeCXXCompilerABI.cpp.o
/usr/bin/c++      -o CMakeFiles/cmTC_fc621.dir/CMakeCXXCompilerABI.cpp.o -c /usr/share/cmake-3.5/Modules/CMakeCXXCompilerABI.cpp
Linking CXX executable cmTC_fc621
/usr/bin/cmake -E cmake_link_script CMakeFiles/cmTC_fc621.dir/link.txt --verbose=1
/usr/bin/c++       -v CMakeFiles/cmTC_fc621.dir/CMakeCXXCompilerABI.cpp.o  -o cmTC_fc621 -rdynamic  
Using built-in specs.
COLLECT_GCC=/usr/bin/c++
COLLECT_LTO_WRAPPER=/usr/lib/gcc/x86_64-linux-gnu/5/lto-wrapper
Target: x86_64-linux-gnu
Configured with: ../src/configure -v --with-pkgversion='Ubuntu 5.3.1-14ubuntu2.1' --with-bugurl=file:///usr/share/doc/gcc-5/README.Bugs --enable-languages=c,ada,c++,java,go,d,fortran,objc,obj-c++ --prefix=/usr --program-suffix=-5 --enable-shared --enable-linker-build-id --libexecdir=/usr/lib --without-included-gettext --enable-threads=posix --libdir=/usr/lib --enable-nls --with-sysroot=/ --enable-clocale=gnu --enable-libstdcxx-debug --enable-libstdcxx-time=yes --with-default-libstdcxx-abi=new --enable-gnu-unique-object --disable-vtable-verify --enable-libmpx --enable-plugin --with-system-zlib --disable-browser-plugin --enable-java-awt=gtk --enable-gtk-cairo --with-java-home=/usr/lib/jvm/java-1.5.0-gcj-5-amd64/jre --enable-java-home --with-jvm-root-dir=/usr/lib/jvm/java-1.5.0-gcj-5-amd64 --with-jvm-jar-dir=/usr/lib/jvm-exports/java-1.5.0-gcj-5-amd64 --with-arch-directory=amd64 --with-ecj-jar=/usr/share/java/eclipse-ecj.jar --enable-objc-gc --enable-multiarch --disable-werror --with-arch-32=i686 --with-abi=m64 --with-multilib-list=m32,m64,mx32 --enable-multilib --with-tune=generic --enable-checking=release --build=x86_64-linux-gnu --host=x86_64-linux-gnu --target=x86_64-linux-gnu
Thread model: posix
gcc version 5.3.1 20160413 (Ubuntu 5.3.1-14ubuntu2.1) 
COMPILER_PATH=/usr/lib/gcc/x86_64-linux-gnu/5/:/usr/lib/gcc/x86_64-linux-gnu/5/:/usr/lib/gcc/x86_64-linux-gnu/:/usr/lib/gcc/x86_64-linux-gnu/5/:/usr/lib/gcc/x86_64-linux-gnu/
LIBRARY_PATH=/usr/lib/gcc/x86_64-linux-gnu/5/:/usr/lib/gcc/x86_64-linux-gnu/5/../../../x86_64-linux-gnu/:/usr/lib/gcc/x86_64-linux-gnu/5/../../../../lib/:/lib/x86_64-linux-gnu/:/lib/../lib/:/usr/lib/x86_64-linux-gnu/:/usr/lib/../lib/:/usr/lib/gcc/x86_64-linux-gnu/5/../../../:/lib/:/usr/lib/
COLLECT_GCC_OPTIONS='-v' '-o' 'cmTC_fc621' '-rdynamic' '-shared-libgcc' '-mtune=generic' '-march=x86-64'
 /usr/lib/gcc/x86_64-linux-gnu/5/collect2 -plugin /usr/lib/gcc/x86_64-linux-gnu/5/liblto_plugin.so -plugin-opt=/usr/lib/gcc/x86_64-linux-gnu/5/lto-wrapper -plugin-opt=-fresolution=/tmp/ccuyPDTJ.res -plugin-opt=-pass-through=-lgcc_s -plugin-opt=-pass-through=-lgcc -plugin-opt=-pass-through=-lc -plugin-opt=-pass-through=-lgcc_s -plugin-opt=-pass-through=-lgcc --sysroot=/ --build-id --eh-frame-hdr -m elf_x86_64 --hash-style=gnu --as-needed -export-dynamic -dynamic-linker /lib64/ld-linux-x86-64.so.2 -z relro -o cmTC_fc621 /usr/lib/gcc/x86_64-linux-gnu/5/../../../x86_64-linux-gnu/crt1.o /usr/lib/gcc/x86_64-linux-gnu/5/../../../x86_64-linux-gnu/crti.o /usr/lib/gcc/x86_64-linux-gnu/5/crtbegin.o -L/usr/lib/gcc/x86_64-linux-gnu/5 -L/usr/lib/gcc/x86_64-linux-gnu/5/../../../x86_64-linux-gnu -L/usr/lib/gcc/x86_64-linux-gnu/5/../../../../lib -L/lib/x86_64-linux-gnu -L/lib/../lib -L/usr/lib/x86_64-linux-gnu -L/usr/lib/../lib -L/usr/lib/gcc/x86_64-linux-gnu/5/../../.. CMakeFiles/cmTC_fc621.dir/CMakeCXXCompilerABI.cpp.o -lstdc++ -lm -lgcc_s -lgcc -lc -lgcc_s -lgcc /usr/lib/gcc/x86_64-linux-gnu/5/crtend.o /usr/lib/gcc/x86_64-linux-gnu/5/../../../x86_64-linux-gnu/crtn.o
gmake[2]: Leaving directory '/home/yupeng/ros/ar_drone2/CMakeFiles/CMakeTmp'
gmake[1]: Leaving directory '/home/yupeng/ros/ar_drone2/CMakeFiles/CMakeTmp'


Parsed CXX implicit link information from above output:
  link line regex: [^( *|.*[/\])(ld|([^/\]+-)?ld|collect2)[^/\]*( |$)]
  ignore line: [Change Dir: /home/yupeng/ros/ar_drone2/CMakeFiles/CMakeTmp]
  ignore line: []
  ignore line: [Run Build Command:"/usr/bin/gmake" "cmTC_fc621/fast"]
  ignore line: [gmake[1]: Entering directory '/home/yupeng/ros/ar_drone2/CMakeFiles/CMakeTmp']
  ignore line: [/usr/bin/gmake -f CMakeFiles/cmTC_fc621.dir/build.make CMakeFiles/cmTC_fc621.dir/build]
  ignore line: [gmake[2]: Entering directory '/home/yupeng/ros/ar_drone2/CMakeFiles/CMakeTmp']
  ignore line: [Building CXX object CMakeFiles/cmTC_fc621.dir/CMakeCXXCompilerABI.cpp.o]
  ignore line: [/usr/bin/c++      -o CMakeFiles/cmTC_fc621.dir/CMakeCXXCompilerABI.cpp.o -c /usr/share/cmake-3.5/Modules/CMakeCXXCompilerABI.cpp]
  ignore line: [Linking CXX executable cmTC_fc621]
  ignore line: [/usr/bin/cmake -E cmake_link_script CMakeFiles/cmTC_fc621.dir/link.txt --verbose=1]
  ignore line: [/usr/bin/c++       -v CMakeFiles/cmTC_fc621.dir/CMakeCXXCompilerABI.cpp.o  -o cmTC_fc621 -rdynamic  ]
  ignore line: [Using built-in specs.]
  ignore line: [COLLECT_GCC=/usr/bin/c++]
  ignore line: [COLLECT_LTO_WRAPPER=/usr/lib/gcc/x86_64-linux-gnu/5/lto-wrapper]
  ignore line: [Target: x86_64-linux-gnu]
  ignore line: [Configured with: ../src/configure -v --with-pkgversion='Ubuntu 5.3.1-14ubuntu2.1' --with-bugurl=file:///usr/share/doc/gcc-5/README.Bugs --enable-languages=c,ada,c++,java,go,d,fortran,objc,obj-c++ --prefix=/usr --program-suffix=-5 --enable-shared --enable-linker-build-id --libexecdir=/usr/lib --without-included-gettext --enable-threads=posix --libdir=/usr/lib --enable-nls --with-sysroot=/ --enable-clocale=gnu --enable-libstdcxx-debug --enable-libstdcxx-time=yes --with-default-libstdcxx-abi=new --enable-gnu-unique-object --disable-vtable-verify --enable-libmpx --enable-plugin --with-system-zlib --disable-browser-plugin --enable-java-awt=gtk --enable-gtk-cairo --with-java-home=/usr/lib/jvm/java-1.5.0-gcj-5-amd64/jre --enable-java-home --with-jvm-root-dir=/usr/lib/jvm/java-1.5.0-gcj-5-amd64 --with-jvm-jar-dir=/usr/lib/jvm-exports/java-1.5.0-gcj-5-amd64 --with-arch-directory=amd64 --with-ecj-jar=/usr/share/java/eclipse-ecj.jar --enable-objc-gc --enable-multiarch --disable-werror --with-arch-32=i686 --with-abi=m64 --with-multilib-list=m32,m64,mx32 --enable-multilib --with-tune=generic --enable-checking=release --build=x86_64-linux-gnu --host=x86_64-linux-gnu --target=x86_64-linux-gnu]
  ignore line: [Thread model: posix]
  ignore line: [gcc version 5.3.1 20160413 (Ubuntu 5.3.1-14ubuntu2.1) ]
  ignore line: [COMPILER_PATH=/usr/lib/gcc/x86_64-linux-gnu/5/:/usr/lib/gcc/x86_64-linux-gnu/5/:/usr/lib/gcc/x86_64-linux-gnu/:/usr/lib/gcc/x86_64-linux-gnu/5/:/usr/lib/gcc/x86_64-linux-gnu/]
  ignore line: [LIBRARY_PATH=/usr/lib/gcc/x86_64-linux-gnu/5/:/usr/lib/gcc/x86_64-linux-gnu/5/../../../x86_64-linux-gnu/:/usr/lib/gcc/x86_64-linux-gnu/5/../../../../lib/:/lib/x86_64-linux-gnu/:/lib/../lib/:/usr/lib/x86_64-linux-gnu/:/usr/lib/../lib/:/usr/lib/gcc/x86_64-linux-gnu/5/../../../:/lib/:/usr/lib/]
  ignore line: [COLLECT_GCC_OPTIONS='-v' '-o' 'cmTC_fc621' '-rdynamic' '-shared-libgcc' '-mtune=generic' '-march=x86-64']
  link line: [ /usr/lib/gcc/x86_64-linux-gnu/5/collect2 -plugin /usr/lib/gcc/x86_64-linux-gnu/5/liblto_plugin.so -plugin-opt=/usr/lib/gcc/x86_64-linux-gnu/5/lto-wrapper -plugin-opt=-fresolution=/tmp/ccuyPDTJ.res -plugin-opt=-pass-through=-lgcc_s -plugin-opt=-pass-through=-lgcc -plugin-opt=-pass-through=-lc -plugin-opt=-pass-through=-lgcc_s -plugin-opt=-pass-through=-lgcc --sysroot=/ --build-id --eh-frame-hdr -m elf_x86_64 --hash-style=gnu --as-needed -export-dynamic -dynamic-linker /lib64/ld-linux-x86-64.so.2 -z relro -o cmTC_fc621 /usr/lib/gcc/x86_64-linux-gnu/5/../../../x86_64-linux-gnu/crt1.o /usr/lib/gcc/x86_64-linux-gnu/5/../../../x86_64-linux-gnu/crti.o /usr/lib/gcc/x86_64-linux-gnu/5/crtbegin.o -L/usr/lib/gcc/x86_64-linux-gnu/5 -L/usr/lib/gcc/x86_64-linux-gnu/5/../../../x86_64-linux-gnu -L/usr/lib/gcc/x86_64-linux-gnu/5/../../../../lib -L/lib/x86_64-linux-gnu -L/lib/../lib -L/usr/lib/x86_64-linux-gnu -L/usr/lib/../lib -L/usr/lib/gcc/x86_64-linux-gnu/5/../../.. CMakeFiles/cmTC_fc621.dir/CMakeCXXCompilerABI.cpp.o -lstdc++ -lm -lgcc_s -lgcc -lc -lgcc_s -lgcc /usr/lib/gcc/x86_64-linux-gnu/5/crtend.o /usr/lib/gcc/x86_64-linux-gnu/5/../../../x86_64-linux-gnu/crtn.o]
    arg [/usr/lib/gcc/x86_64-linux-gnu/5/collect2] ==> ignore
    arg [-plugin] ==> ignore
    arg [/usr/lib/gcc/x86_64-linux-gnu/5/liblto_plugin.so] ==> ignore
    arg [-plugin-opt=/usr/lib/gcc/x86_64-linux-gnu/5/lto-wrapper] ==> ignore
    arg [-plugin-opt=-fresolution=/tmp/ccuyPDTJ.res] ==> ignore
    arg [-plugin-opt=-pass-through=-lgcc_s] ==> ignore
    arg [-plugin-opt=-pass-through=-lgcc] ==> ignore
    arg [-plugin-opt=-pass-through=-lc] ==> ignore
    arg [-plugin-opt=-pass-through=-lgcc_s] ==> ignore
    arg [-plugin-opt=-pass-through=-lgcc] ==> ignore
    arg [--sysroot=/] ==> ignore
    arg [--build-id] ==> ignore
    arg [--eh-frame-hdr] ==> ignore
    arg [-m] ==> ignore
    arg [elf_x86_64] ==> ignore
    arg [--hash-style=gnu] ==> ignore
    arg [--as-needed] ==> ignore
    arg [-export-dynamic] ==> ignore
    arg [-dynamic-linker] ==> ignore
    arg [/lib64/ld-linux-x86-64.so.2] ==> ignore
    arg [-zrelro] ==> ignore
    arg [-o] ==> ignore
    arg [cmTC_fc621] ==> ignore
    arg [/usr/lib/gcc/x86_64-linux-gnu/5/../../../x86_64-linux-gnu/crt1.o] ==> ignore
    arg [/usr/lib/gcc/x86_64-linux-gnu/5/../../../x86_64-linux-gnu/crti.o] ==> ignore
    arg [/usr/lib/gcc/x86_64-linux-gnu/5/crtbegin.o] ==> ignore
    arg [-L/usr/lib/gcc/x86_64-linux-gnu/5] ==> dir [/usr/lib/gcc/x86_64-linux-gnu/5]
    arg [-L/usr/lib/gcc/x86_64-linux-gnu/5/../../../x86_64-linux-gnu] ==> dir [/usr/lib/gcc/x86_64-linux-gnu/5/../../../x86_64-linux-gnu]
    arg [-L/usr/lib/gcc/x86_64-linux-gnu/5/../../../../lib] ==> dir [/usr/lib/gcc/x86_64-linux-gnu/5/../../../../lib]
    arg [-L/lib/x86_64-linux-gnu] ==> dir [/lib/x86_64-linux-gnu]
    arg [-L/lib/../lib] ==> dir [/lib/../lib]
    arg [-L/usr/lib/x86_64-linux-gnu] ==> dir [/usr/lib/x86_64-linux-gnu]
    arg [-L/usr/lib/../lib] ==> dir [/usr/lib/../lib]
    arg [-L/usr/lib/gcc/x86_64-linux-gnu/5/../../..] ==> dir [/usr/lib/gcc/x86_64-linux-gnu/5/../../..]
    arg [CMakeFiles/cmTC_fc621.dir/CMakeCXXCompilerABI.cpp.o] ==> ignore
    arg [-lstdc++] ==> lib [stdc++]
    arg [-lm] ==> lib [m]
    arg [-lgcc_s] ==> lib [gcc_s]
    arg [-lgcc] ==> lib [gcc]
    arg [-lc] ==> lib [c]
    arg [-lgcc_s] ==> lib [gcc_s]
    arg [-lgcc] ==> lib [gcc]
    arg [/usr/lib/gcc/x86_64-linux-gnu/5/crtend.o] ==> ignore
    arg [/usr/lib/gcc/x86_64-linux-gnu/5/../../../x86_64-linux-gnu/crtn.o] ==> ignore
  remove lib [gcc_s]
  remove lib [gcc]
  remove lib [gcc_s]
  remove lib [gcc]
  collapse library dir [/usr/lib/gcc/x86_64-linux-gnu/5] ==> [/usr/lib/gcc/x86_64-linux-gnu/5]
  collapse library dir [/usr/lib/gcc/x86_64-linux-gnu/5/../../../x86_64-linux-gnu] ==> [/usr/lib/x86_64-linux-gnu]
  collapse library dir [/usr/lib/gcc/x86_64-linux-gnu/5/../../../../lib] ==> [/usr/lib]
  collapse library dir [/lib/x86_64-linux-gnu] ==> [/lib/x86_64-linux-gnu]
  collapse library dir [/lib/../lib] ==> [/lib]
  collapse library dir [/usr/lib/x86_64-linux-gnu] ==> [/usr/lib/x86_64-linux-gnu]
  collapse library dir [/usr/lib/../lib] ==> [/usr/lib]
  collapse library dir [/usr/lib/gcc/x86_64-linux-gnu/5/../../..] ==> [/usr/lib]
  implicit libs: [stdc++;m;c]
  implicit dirs: [/usr/lib/gcc/x86_64-linux-gnu/5;/usr/lib/x86_64-linux-gnu;/usr/lib;/lib/x86_64-linux-gnu;/lib]
  implicit fwks: []




Detecting CXX [-std=c++14] compiler features compiled with the following output:
Change Dir: /home/yupeng/ros/ar_drone2/CMakeFiles/CMakeTmp

Run Build Command:"/usr/bin/gmake" "cmTC_d8531/fast"
gmake[1]: Entering directory '/home/yupeng/ros/ar_drone2/CMakeFiles/CMakeTmp'
/usr/bin/gmake -f CMakeFiles/cmTC_d8531.dir/build.make CMakeFiles/cmTC_d8531.dir/build
gmake[2]: Entering directory '/home/yupeng/ros/ar_drone2/CMakeFiles/CMakeTmp'
Building CXX object CMakeFiles/cmTC_d8531.dir/feature_tests.cxx.o
/usr/bin/c++     -std=c++14 -o CMakeFiles/cmTC_d8531.dir/feature_tests.cxx.o -c /home/yupeng/ros/ar_drone2/CMakeFiles/feature_tests.cxx
Linking CXX executable cmTC_d8531
/usr/bin/cmake -E cmake_link_script CMakeFiles/cmTC_d8531.dir/link.txt --verbose=1
/usr/bin/c++        CMakeFiles/cmTC_d8531.dir/feature_tests.cxx.o  -o cmTC_d8531 -rdynamic 
gmake[2]: Leaving directory '/home/yupeng/ros/ar_drone2/CMakeFiles/CMakeTmp'
gmake[1]: Leaving directory '/home/yupeng/ros/ar_drone2/CMakeFiles/CMakeTmp'


    Feature record: CXX_FEATURE:1cxx_aggregate_default_initializers
    Feature record: CXX_FEATURE:1cxx_alias_templates
    Feature record: CXX_FEATURE:1cxx_alignas
    Feature record: CXX_FEATURE:1cxx_alignof
    Feature record: CXX_FEATURE:1cxx_attributes
    Feature record: CXX_FEATURE:1cxx_attribute_deprecated
    Feature record: CXX_FEATURE:1cxx_auto_type
    Feature record: CXX_FEATURE:1cxx_binary_literals
    Feature record: CXX_FEATURE:1cxx_constexpr
    Feature record: CXX_FEATURE:1cxx_contextual_conversions
    Feature record: CXX_FEATURE:1cxx_decltype
    Feature record: CXX_FEATURE:1cxx_decltype_auto
    Feature record: CXX_FEATURE:1cxx_decltype_incomplete_return_types
    Feature record: CXX_FEATURE:1cxx_default_function_template_args
    Feature record: CXX_FEATURE:1cxx_defaulted_functions
    Feature record: CXX_FEATURE:1cxx_defaulted_move_initializers
    Feature record: CXX_FEATURE:1cxx_delegating_constructors
    Feature record: CXX_FEATURE:1cxx_deleted_functions
    Feature record: CXX_FEATURE:1cxx_digit_separators
    Feature record: CXX_FEATURE:1cxx_enum_forward_declarations
    Feature record: CXX_FEATURE:1cxx_explicit_conversions
    Feature record: CXX_FEATURE:1cxx_extended_friend_declarations
    Feature record: CXX_FEATURE:1cxx_extern_templates
    Feature record: CXX_FEATURE:1cxx_final
    Feature record: CXX_FEATURE:1cxx_func_identifier
    Feature record: CXX_FEATURE:1cxx_generalized_initializers
    Feature record: CXX_FEATURE:1cxx_generic_lambdas
    Feature record: CXX_FEATURE:1cxx_inheriting_constructors
    Feature record: CXX_FEATURE:1cxx_inline_namespaces
    Feature record: CXX_FEATURE:1cxx_lambdas
    Feature record: CXX_FEATURE:1cxx_lambda_init_captures
    Feature record: CXX_FEATURE:1cxx_local_type_template_args
    Feature record: CXX_FEATURE:1cxx_long_long_type
    Feature record: CXX_FEATURE:1cxx_noexcept
    Feature record: CXX_FEATURE:1cxx_nonstatic_member_init
    Feature record: CXX_FEATURE:1cxx_nullptr
    Feature record: CXX_FEATURE:1cxx_override
    Feature record: CXX_FEATURE:1cxx_range_for
    Feature record: CXX_FEATURE:1cxx_raw_string_literals
    Feature record: CXX_FEATURE:1cxx_reference_qualified_functions
    Feature record: CXX_FEATURE:1cxx_relaxed_constexpr
    Feature record: CXX_FEATURE:1cxx_return_type_deduction
    Feature record: CXX_FEATURE:1cxx_right_angle_brackets
    Feature record: CXX_FEATURE:1cxx_rvalue_references
    Feature record: CXX_FEATURE:1cxx_sizeof_member
    Feature record: CXX_FEATURE:1cxx_static_assert
    Feature record: CXX_FEATURE:1cxx_strong_enums
    Feature record: CXX_FEATURE:1cxx_template_template_parameters
    Feature record: CXX_FEATURE:1cxx_thread_local
    Feature record: CXX_FEATURE:1cxx_trailing_return_types
    Feature record: CXX_FEATURE:1cxx_unicode_literals
    Feature record: CXX_FEATURE:1cxx_uniform_initialization
    Feature record: CXX_FEATURE:1cxx_unrestricted_unions
    Feature record: CXX_FEATURE:1cxx_user_literals
    Feature record: CXX_FEATURE:1cxx_variable_templates
    Feature record: CXX_FEATURE:1cxx_variadic_macros
    Feature record: CXX_FEATURE:1cxx_variadic_templates


Detecting CXX [-std=c++11] compiler features compiled with the following output:
Change Dir: /home/yupeng/ros/ar_drone2/CMakeFiles/CMakeTmp

Run Build Command:"/usr/bin/gmake" "cmTC_b9b7e/fast"
gmake[1]: Entering directory '/home/yupeng/ros/ar_drone2/CMakeFiles/CMakeTmp'
/usr/bin/gmake -f CMakeFiles/cmTC_b9b7e.dir/build.make CMakeFiles/cmTC_b9b7e.dir/build
gmake[2]: Entering directory '/home/yupeng/ros/ar_drone2/CMakeFiles/CMakeTmp'
Building CXX object CMakeFiles/cmTC_b9b7e.dir/feature_tests.cxx.o
/usr/bin/c++     -std=c++11 -o CMakeFiles/cmTC_b9b7e.dir/feature_tests.cxx.o -c /home/yupeng/ros/ar_drone2/CMakeFiles/feature_tests.cxx
Linking CXX executable cmTC_b9b7e
/usr/bin/cmake -E cmake_link_script CMakeFiles/cmTC_b9b7e.dir/link.txt --verbose=1
/usr/bin/c++        CMakeFiles/cmTC_b9b7e.dir/feature_tests.cxx.o  -o cmTC_b9b7e -rdynamic 
gmake[2]: Leaving directory '/home/yupeng/ros/ar_drone2/CMakeFiles/CMakeTmp'
gmake[1]: Leaving directory '/home/yupeng/ros/ar_drone2/CMakeFiles/CMakeTmp'


    Feature record: CXX_FEATURE:0cxx_aggregate_default_initializers
    Feature record: CXX_FEATURE:1cxx_alias_templates
    Feature record: CXX_FEATURE:1cxx_alignas
    Feature record: CXX_FEATURE:1cxx_alignof
    Feature record: CXX_FEATURE:1cxx_attributes
    Feature record: CXX_FEATURE:0cxx_attribute_deprecated
    Feature record: CXX_FEATURE:1cxx_auto_type
    Feature record: CXX_FEATURE:0cxx_binary_literals
    Feature record: CXX_FEATURE:1cxx_constexpr
    Feature record: CXX_FEATURE:0cxx_contextual_conversions
    Feature record: CXX_FEATURE:1cxx_decltype
    Feature record: CXX_FEATURE:0cxx_decltype_auto
    Feature record: CXX_FEATURE:1cxx_decltype_incomplete_return_types
    Feature record: CXX_FEATURE:1cxx_default_function_template_args
    Feature record: CXX_FEATURE:1cxx_defaulted_functions
    Feature record: CXX_FEATURE:1cxx_defaulted_move_initializers
    Feature record: CXX_FEATURE:1cxx_delegating_constructors
    Feature record: CXX_FEATURE:1cxx_deleted_functions
    Feature record: CXX_FEATURE:0cxx_digit_separators
    Feature record: CXX_FEATURE:1cxx_enum_forward_declarations
    Feature record: CXX_FEATURE:1cxx_explicit_conversions
    Feature record: CXX_FEATURE:1cxx_extended_friend_declarations
    Feature record: CXX_FEATURE:1cxx_extern_templates
    Feature record: CXX_FEATURE:1cxx_final
    Feature record: CXX_FEATURE:1cxx_func_identifier
    Feature record: CXX_FEATURE:1cxx_generalized_initializers
    Feature record: CXX_FEATURE:0cxx_generic_lambdas
    Feature record: CXX_FEATURE:1cxx_inheriting_constructors
    Feature record: CXX_FEATURE:1cxx_inline_namespaces
    Feature record: CXX_FEATURE:1cxx_lambdas
    Feature record: CXX_FEATURE:0cxx_lambda_init_captures
    Feature record: CXX_FEATURE:1cxx_local_type_template_args
    Feature record: CXX_FEATURE:1cxx_long_long_type
    Feature record: CXX_FEATURE:1cxx_noexcept
    Feature record: CXX_FEATURE:1cxx_nonstatic_member_init
    Feature record: CXX_FEATURE:1cxx_nullptr
    Feature record: CXX_FEATURE:1cxx_override
    Feature record: CXX_FEATURE:1cxx_range_for
    Feature record: CXX_FEATURE:1cxx_raw_string_literals
    Feature record: CXX_FEATURE:1cxx_reference_qualified_functions
    Feature record: CXX_FEATURE:0cxx_relaxed_constexpr
    Feature record: CXX_FEATURE:0cxx_return_type_deduction
    Feature record: CXX_FEATURE:1cxx_right_angle_brackets
    Feature record: CXX_FEATURE:1cxx_rvalue_references
    Feature record: CXX_FEATURE:1cxx_sizeof_member
    Feature record: CXX_FEATURE:1cxx_static_assert
    Feature record: CXX_FEATURE:1cxx_strong_enums
    Feature record: CXX_FEATURE:1cxx_template_template_parameters
    Feature record: CXX_FEATURE:1cxx_thread_local
    Feature record: CXX_FEATURE:1cxx_trailing_return_types
    Feature record: CXX_FEATURE:1cxx_unicode_literals
    Feature record: CXX_FEATURE:1cxx_uniform_initialization
    Feature record: CXX_FEATURE:1cxx_unrestricted_unions
    Feature record: CXX_FEATURE:1cxx_user_literals
    Feature record: CXX_FEATURE:0cxx_variable_templates
    Feature record: CXX_FEATURE:1cxx_variadic_macros
    Feature record: CXX_FEATURE:1cxx_variadic_templates


Detecting CXX [-std=c++98] compiler features compiled with the following output:
Change Dir: /home/yupeng/ros/ar_drone2/CMakeFiles/CMakeTmp

Run Build Command:"/usr/bin/gmake" "cmTC_5ab26/fast"
gmake[1]: Entering directory '/home/yupeng/ros/ar_drone2/CMakeFiles/CMakeTmp'
/usr/bin/gmake -f CMakeFiles/cmTC_5ab26.dir/build.make CMakeFiles/cmTC_5ab26.dir/build
gmake[2]: Entering directory '/home/yupeng/ros/ar_drone2/CMakeFiles/CMakeTmp'
Building CXX object CMakeFiles/cmTC_5ab26.dir/feature_tests.cxx.o
/usr/bin/c++     -std=c++98 -o CMakeFiles/cmTC_5ab26.dir/feature_tests.cxx.o -c /home/yupeng/ros/ar_drone2/CMakeFiles/feature_tests.cxx
Linking CXX executable cmTC_5ab26
/usr/bin/cmake -E cmake_link_script CMakeFiles/cmTC_5ab26.dir/link.txt --verbose=1
/usr/bin/c++        CMakeFiles/cmTC_5ab26.dir/feature_tests.cxx.o  -o cmTC_5ab26 -rdynamic 
gmake[2]: Leaving directory '/home/yupeng/ros/ar_drone2/CMakeFiles/CMakeTmp'
gmake[1]: Leaving directory '/home/yupeng/ros/ar_drone2/CMakeFiles/CMakeTmp'


    Feature record: CXX_FEATURE:0cxx_aggregate_default_initializers
    Feature record: CXX_FEATURE:0cxx_alias_templates
    Feature record: CXX_FEATURE:0cxx_alignas
    Feature record: CXX_FEATURE:0cxx_alignof
    Feature record: CXX_FEATURE:0cxx_attributes
    Feature record: CXX_FEATURE:0cxx_attribute_deprecated
    Feature record: CXX_FEATURE:0cxx_auto_type
    Feature record: CXX_FEATURE:0cxx_binary_literals
    Feature record: CXX_FEATURE:0cxx_constexpr
    Feature record: CXX_FEATURE:0cxx_contextual_conversions
    Feature record: CXX_FEATURE:0cxx_decltype
    Feature record: CXX_FEATURE:0cxx_decltype_auto
    Feature record: CXX_FEATURE:0cxx_decltype_incomplete_return_types
    Feature record: CXX_FEATURE:0cxx_default_function_template_args
    Feature record: CXX_FEATURE:0cxx_defaulted_functions
    Feature record: CXX_FEATURE:0cxx_defaulted_move_initializers
    Feature record: CXX_FEATURE:0cxx_delegating_constructors
    Feature record: CXX_FEATURE:0cxx_deleted_functions
    Feature record: CXX_FEATURE:0cxx_digit_separators
    Feature record: CXX_FEATURE:0cxx_enum_forward_declarations
    Feature record: CXX_FEATURE:0cxx_explicit_conversions
    Feature record: CXX_FEATURE:0cxx_extended_friend_declarations
    Feature record: CXX_FEATURE:0cxx_extern_templates
    Feature record: CXX_FEATURE:0cxx_final
    Feature record: CXX_FEATURE:0cxx_func_identifier
    Feature record: CXX_FEATURE:0cxx_generalized_initializers
    Feature record: CXX_FEATURE:0cxx_generic_lambdas
    Feature record: CXX_FEATURE:0cxx_inheriting_constructors
    Feature record: CXX_FEATURE:0cxx_inline_namespaces
    Feature record: CXX_FEATURE:0cxx_lambdas
    Feature record: CXX_FEATURE:0cxx_lambda_init_captures
    Feature record: CXX_FEATURE:0cxx_local_type_template_args
    Feature record: CXX_FEATURE:0cxx_long_long_type
    Feature record: CXX_FEATURE:0cxx_noexcept
    Feature record: CXX_FEATURE:0cxx_nonstatic_member_init
    Feature record: CXX_FEATURE:0cxx_nullptr
    Feature record: CXX_FEATURE:0cxx_override
    Feature record: CXX_FEATURE:0cxx_range_for
    Feature record: CXX_FEATURE:0cxx_raw_string_literals
    Feature record: CXX_FEATURE:0cxx_reference_qualified_functions
    Feature record: CXX_FEATURE:0cxx_relaxed_constexpr
    Feature record: CXX_FEATURE:0cxx_return_type_deduction
    Feature record: CXX_FEATURE:0cxx_right_angle_brackets
    Feature record: CXX_FEATURE:0cxx_rvalue_references
    Feature record: CXX_FEATURE:0cxx_sizeof_member
    Feature record: CXX_FEATURE:0cxx_static_assert
    Feature record: CXX_FEATURE:0cxx_strong_enums
    Feature record: CXX_FEATURE:1cxx_template_template_parameters
    Feature record: CXX_FEATURE:0cxx_thread_local
    Feature record: CXX_FEATURE:0cxx_trailing_return_types
    Feature record: CXX_FEATURE:0cxx_unicode_literals
    Feature record: CXX_FEATURE:0cxx_uniform_initialization
    Feature record: CXX_FEATURE:0cxx_unrestricted_unions
    Feature record: CXX_FEATURE:0cxx_user_literals
    Feature record: CXX_FEATURE:0cxx_variable_templates
    Feature record: CXX_FEATURE:0cxx_variadic_macros
    Feature record: CXX_FEATURE:0cxx_variadic_templates
